2023-04-07 10:10:34.865 [info] Configuration changed
2023-04-07 10:10:35.119 [info] Configuration changed
2023-04-07 10:10:38.390 [info] Configuration changed
2023-04-07 10:10:42.350 [info] Active editor: file:///home/arturl/dev/PL/PL_TP/src/pug_parser.py
2023-04-07 10:10:43.451 [info] /home/arturl/dev/PL/PL_TP/src/pug_parser.py closed
2023-04-07 10:10:43.451 [info] /home/arturl/dev/PL/PL_TP/src/pug_parser.py.git closed
2023-04-07 10:10:43.491 [info] Active editor: file:///home/arturl/dev/PL/PL_TP/src/parsetab.py
2023-04-07 10:10:44.051 [info] /home/arturl/dev/PL/PL_TP/src/parsetab.py closed
2023-04-07 10:10:44.051 [info] /home/arturl/dev/PL/PL_TP/src/parsetab.py.git closed
2023-04-07 10:10:44.084 [info] Active editor: file:///home/arturl/dev/PL/PL_TP/src/pug_lexer.py
2023-04-07 10:11:12.268 [warning] invalid cursor position. [[83, 5] | [83, 5]].
2023-04-07 10:11:12.268 [warning] invalid cursor position. [[83, 5] | [83, 5]].
2023-04-07 10:11:58.807 [info] Active editor: file:///home/arturl/dev/PL/PL_TP/src/pug_parser.py
2023-04-07 10:13:10.646 [info] Active editor: file:///home/arturl/dev/PL/PL_TP/src/pug_lexer.py
2023-04-07 10:13:26.595 [info] Active editor: file:///home/arturl/dev/PL/PL_TP/src/pug_parser.py
2023-04-07 10:13:49.484 [info] Active editor: file:///home/arturl/dev/PL/PL_TP/src/pug_lexer.py
2023-04-07 10:14:25.691 [info] Active editor: file:///home/arturl/dev/PL/PL_TP/src/pug_parser.py
2023-04-07 10:19:08.427 [warning] invalid cursor position. [[73, 5] | [73, 5]].
2023-04-07 10:19:08.428 [warning] invalid cursor position. [[73, 5] | [73, 5]].
2023-04-07 10:22:23.089 [info] Executing :w
2023-04-07 10:22:28.587 [info] Executing :w
2023-04-07 10:22:56.812 [warning] invalid cursor position. [[32, 5] | [32, 5]].
2023-04-07 10:22:56.813 [warning] invalid cursor position. [[32, 5] | [32, 5]].
2023-04-07 10:25:23.221 [info] Active editor: file:///home/arturl/dev/PL/PL_TP/src/pug_lexer.py
2023-04-07 10:25:25.564 [info] Active editor: file:///home/arturl/dev/PL/PL_TP/src/pug_parser.py
2023-04-07 10:25:26.299 [info] Active editor: file:///home/arturl/dev/PL/PL_TP/src/pug_lexer.py
2023-04-07 10:25:33.936 [info] Active editor: file:///home/arturl/dev/PL/PL_TP/src/pug_ast/pug_ast.py
2023-04-07 10:25:44.288 [info] Active editor: file:///home/arturl/dev/PL/PL_TP/src/pug_lexer.py
2023-04-07 10:25:49.166 [info] Active editor: file:///home/arturl/dev/PL/PL_TP/src/pug_parser.py
2023-04-07 10:25:50.274 [info] Active editor: file:///home/arturl/dev/PL/PL_TP/src/pug_ast/pug_ast.py
2023-04-07 10:25:54.977 [info] Active editor: file:///home/arturl/dev/PL/PL_TP/src/pug_lexer.py
2023-04-07 10:25:57.247 [info] Active editor: file:///home/arturl/dev/PL/PL_TP/src/pug_ast/pug_ast.py
2023-04-07 10:26:08.471 [info] Active editor: file:///home/arturl/dev/PL/PL_TP/src/pug_parser.py
2023-04-07 10:27:46.284 [info] Active editor: file:///home/arturl/dev/PL/PL_TP/src/pug_ast/pug_ast.py
2023-04-07 10:27:47.195 [info] Active editor: file:///home/arturl/dev/PL/PL_TP/src/pug_lexer.py
2023-04-07 10:27:50.303 [info] Active editor: file:///home/arturl/dev/PL/PL_TP/src/pug_parser.py
2023-04-07 10:27:50.914 [info] Active editor: file:///home/arturl/dev/PL/PL_TP/src/pug_ast/pug_ast.py
2023-04-07 10:27:52.331 [info] Active editor: file:///home/arturl/dev/PL/PL_TP/src/pug_parser.py
2023-04-07 10:27:57.440 [info] Active editor: file:///home/arturl/dev/PL/PL_TP/src/pug_ast/pug_ast.py
2023-04-07 10:27:58.045 [info] Active editor: file:///home/arturl/dev/PL/PL_TP/src/pug_lexer.py
2023-04-07 10:27:59.267 [info] Active editor: file:///home/arturl/dev/PL/PL_TP/src/pug_parser.py
2023-04-07 10:28:16.661 [info] Active editor: file:///home/arturl/dev/PL/PL_TP/src/pug_ast/pug_ast.py
2023-04-07 10:28:17.509 [info] Active editor: file:///home/arturl/dev/PL/PL_TP/src/pug_lexer.py
2023-04-07 10:34:28.075 [info] Searching for error
2023-04-07 10:38:53.926 [info] Active editor: file:///home/arturl/dev/PL/PL_TP/src/pug_parser.py
2023-04-07 10:39:47.591 [info] Active editor: file:///home/arturl/dev/PL/PL_TP/src/pug_lexer.py
2023-04-07 10:50:20.371 [info] Active editor: file:///home/arturl/dev/PL/PL_TP/src/pug_ast/pug_ast.py
2023-04-07 10:50:21.419 [info] Active editor: file:///home/arturl/dev/PL/PL_TP/src/pug_parser.py
2023-04-07 10:50:35.661 [info] Active editor: file:///home/arturl/dev/PL/PL_TP/src/pug_ast/pug_ast.py
2023-04-07 10:50:37.336 [info] Active editor: file:///home/arturl/dev/PL/PL_TP/src/pug_lexer.py
2023-04-07 10:51:02.915 [info] Active editor: file:///home/arturl/dev/PL/PL_TP/src/pug_ast/pug_ast.py
2023-04-07 10:51:03.575 [info] Active editor: file:///home/arturl/dev/PL/PL_TP/src/pug_parser.py
2023-04-07 10:51:15.914 [info] Active editor: file:///home/arturl/dev/PL/PL_TP/src/pug_ast/pug_ast.py
2023-04-07 10:51:17.199 [info] Active editor: file:///home/arturl/dev/PL/PL_TP/src/pug_lexer.py
2023-04-07 10:51:36.782 [info] Active editor: file:///home/arturl/dev/PL/PL_TP/src/pug_parser.py
2023-04-07 10:54:09.225 [info] Executing :w
2023-04-07 10:55:21.819 [info] Executing :w
2023-04-07 10:55:36.878 [info] Executing :
2023-04-07 10:55:38.562 [info] Executing :w
2023-04-07 10:55:58.835 [info] Active editor: file:///home/arturl/dev/PL/PL_TP/src/pug_ast/pug_ast.py
2023-04-07 10:55:59.534 [info] Active editor: file:///home/arturl/dev/PL/PL_TP/src/pug_lexer.py
2023-04-07 10:56:35.114 [info] Active editor: file:///home/arturl/dev/PL/PL_TP/src/pug_ast/pug_ast.py
2023-04-07 10:56:37.091 [info] Active editor: file:///home/arturl/dev/PL/PL_TP/src/pug_parser.py
2023-04-07 10:57:04.639 [info] Active editor: file:///home/arturl/dev/PL/PL_TP/src/pug_lexer.py
2023-04-07 10:58:07.434 [info] Active editor: file:///home/arturl/dev/PL/PL_TP/src/pug_ast/pug_ast.py
2023-04-07 10:58:09.200 [info] Active editor: file:///home/arturl/dev/PL/PL_TP/src/pug_parser.py
2023-04-07 10:58:21.282 [info] Active editor: file:///home/arturl/dev/PL/PL_TP/src/pug_ast/pug_ast.py
2023-04-07 10:58:21.996 [info] Active editor: file:///home/arturl/dev/PL/PL_TP/src/pug_lexer.py
2023-04-07 11:00:42.353 [info] Active editor: file:///home/arturl/dev/PL/PL_TP/src/pug_parser.py
2023-04-07 11:00:49.764 [info] Active editor: file:///home/arturl/dev/PL/PL_TP/src/pug_lexer.py
2023-04-07 11:06:21.138 [info] Active editor: file:///home/arturl/dev/PL/PL_TP/src/pug_ast/pug_ast.py
2023-04-07 11:06:24.203 [info] Active editor: file:///home/arturl/dev/PL/PL_TP/src/pug_parser.py
2023-04-07 11:06:47.536 [info] Active editor: file:///home/arturl/dev/PL/PL_TP/src/pug_ast/pug_ast.py
2023-04-07 11:06:48.938 [info] Active editor: file:///home/arturl/dev/PL/PL_TP/src/pug_lexer.py
2023-04-07 11:18:18.973 [info] Active editor: file:///home/arturl/dev/PL/PL_TP/src/pug_parser.py
2023-04-07 11:19:09.823 [info] Active editor: file:///home/arturl/dev/PL/PL_TP/src/pug_lexer.py
2023-04-07 11:22:23.352 [info] Active editor: file:///home/arturl/dev/PL/PL_TP/src/pug_ast/pug_ast.py
2023-04-07 11:22:24.637 [info] Active editor: file:///home/arturl/dev/PL/PL_TP/src/pug_parser.py
2023-04-07 11:24:40.595 [info] Active editor: file:///home/arturl/dev/PL/PL_TP/src/pug_lexer.py
2023-04-07 11:25:18.045 [info] Active editor: file:///home/arturl/dev/PL/PL_TP/src/pug_parser.py
2023-04-07 11:25:23.355 [info] Active editor: file:///home/arturl/dev/PL/PL_TP/src/pug_ast/pug_ast.py
2023-04-07 11:25:23.992 [info] Active editor: file:///home/arturl/dev/PL/PL_TP/src/pug_lexer.py
2023-04-07 11:25:26.160 [info] Active editor: file:///home/arturl/dev/PL/PL_TP/src/pug_parser.py
2023-04-07 11:26:10.420 [info] Active editor: file:///home/arturl/dev/PL/PL_TP/src/pug_lexer.py
2023-04-07 11:26:20.600 [warning] invalid cursor position. [[95, 5] | [95, 5]].
2023-04-07 11:26:20.601 [warning] invalid cursor position. [[95, 5] | [95, 5]].
2023-04-07 11:27:12.635 [info] Active editor: file:///home/arturl/dev/PL/PL_TP/src/pug_parser.py
2023-04-07 11:27:47.357 [info] Active editor: file:///home/arturl/dev/PL/PL_TP/src/pug_lexer.py
2023-04-07 11:29:34.859 [info] Active editor: file:///home/arturl/dev/PL/PL_TP/src/pug_parser.py
2023-04-07 11:29:44.156 [info] Active editor: file:///home/arturl/dev/PL/PL_TP/src/pug_lexer.py
2023-04-07 11:33:39.653 [info] Active editor: file:///home/arturl/dev/PL/PL_TP/src/pug_parser.py
2023-04-07 11:34:16.760 [info] Searching for print
2023-04-07 11:43:44.669 [info] Executing :w
2023-04-07 11:48:12.830 [info] Executing :w
2023-04-07 11:48:59.808 [info] Executing :w
2023-04-07 11:49:05.007 [info] Executing :w
2023-04-07 11:49:30.168 [info] Executing :w
2023-04-07 11:51:09.115 [info] Executing :w
2023-04-07 11:51:20.063 [info] Executing :w
2023-04-07 11:51:47.149 [info] Executing :w
2023-04-07 11:52:16.231 [info] Executing :w
2023-04-07 11:52:48.213 [info] Executing :w
2023-04-07 11:53:18.421 [info] Executing :w
2023-04-07 11:53:42.808 [info] Executing :w
2023-04-07 11:53:58.577 [info] Executing :w
2023-04-07 11:54:14.728 [info] Executing :w
2023-04-07 11:54:57.163 [info] Executing :w
2023-04-07 11:55:00.654 [info] Executing :w
2023-04-07 11:57:15.731 [info] Executing :w
2023-04-07 11:57:46.346 [info] Executing :w
2023-04-07 11:57:50.561 [info] Executing :w
2023-04-07 11:57:54.934 [info] Executing :w
2023-04-07 11:58:17.149 [info] Executing :w
2023-04-07 11:58:28.733 [info] Executing :w
2023-04-07 11:59:05.212 [info] Executing :w
2023-04-07 11:59:16.712 [info] Executing :w
2023-04-07 11:59:30.167 [info] Executing :w
2023-04-07 11:59:40.305 [info] Executing :w
2023-04-07 12:00:05.431 [info] Executing :w
2023-04-07 12:00:10.763 [info] Executing :w
2023-04-07 12:01:56.243 [info] Executing :w
2023-04-07 12:02:22.156 [info] Searching for empty_string
2023-04-07 12:02:27.655 [info] Executing :w
2023-04-07 12:04:35.559 [info] Executing :w
2023-04-07 12:09:13.221 [info] Executing :w
2023-04-07 12:10:07.309 [info] Executing :w
2023-04-07 12:10:15.048 [info] Executing :w
2023-04-07 12:10:19.669 [info] Active editor: file:///home/arturl/dev/PL/PL_TP/src/pug_lexer.py
2023-04-07 12:10:57.639 [info] Active editor: file:///home/arturl/dev/PL/PL_TP/src/pug_ast/pug_ast.py
2023-04-07 12:10:58.130 [info] Active editor: file:///home/arturl/dev/PL/PL_TP/src/pug_parser.py
2023-04-07 12:12:55.160 [info] Active editor: file:///home/arturl/dev/PL/PL_TP/src/pug_ast/pug_ast.py
2023-04-07 12:13:21.299 [info] Executing :w
2023-04-07 12:14:03.242 [info] Executing :w
2023-04-07 12:14:06.407 [info] Executing :w
2023-04-07 12:14:31.000 [info] Executing :w
2023-04-07 12:14:55.873 [info] Executing :w
2023-04-07 12:15:15.609 [info] Executing :w
2023-04-07 12:15:19.259 [info] Executing :w
2023-04-07 12:15:28.321 [info] Executing :w
2023-04-07 12:16:03.556 [info] Active editor: file:///home/arturl/dev/PL/PL_TP/src/pug_parser.py
2023-04-07 12:16:06.575 [info] Active editor: file:///home/arturl/dev/PL/PL_TP/src/pug_ast/pug_ast.py
2023-04-07 12:18:20.235 [info] Active editor: file:///home/arturl/dev/PL/PL_TP/src/pug_lexer.py
2023-04-07 12:19:08.934 [info] Executing :w
2023-04-07 12:19:14.462 [info] Executing :w
2023-04-07 12:19:36.597 [info] Executing :w
2023-04-07 12:21:04.432 [info] Executing :w
2023-04-07 12:21:30.059 [info] Executing :w
2023-04-07 12:21:55.996 [info] Executing :w
2023-04-07 12:22:03.636 [info] Executing :w
2023-04-07 12:24:11.457 [info] Executing :w
2023-04-07 12:24:15.257 [info] Executing :w
2023-04-07 12:25:56.283 [info] Active editor: file:///home/arturl/dev/PL/PL_TP/src/pug_parser.py
2023-04-07 12:26:13.978 [info] Active editor: file:///home/arturl/dev/PL/PL_TP/src/pug_ast/pug_ast.py
2023-04-07 12:26:15.152 [info] Active editor: file:///home/arturl/dev/PL/PL_TP/src/pug_lexer.py
2023-04-07 12:26:19.736 [info] Executing :w
2023-04-07 12:27:08.328 [warning] invalid cursor position. [[63, 5] | [63, 5]].
2023-04-07 12:27:08.329 [warning] invalid cursor position. [[63, 5] | [63, 5]].
2023-04-07 12:27:09.518 [info] Executing :w
2023-04-07 12:27:40.022 [info] Active editor: file:///home/arturl/dev/PL/PL_TP/src/pug_parser.py
2023-04-07 12:27:41.153 [info] Active editor: file:///home/arturl/dev/PL/PL_TP/src/pug_ast/pug_ast.py
2023-04-07 12:27:44.070 [info] Active editor: file:///home/arturl/dev/PL/PL_TP/src/pug_parser.py
2023-04-07 12:27:46.217 [info] Active editor: file:///home/arturl/dev/PL/PL_TP/src/pug_lexer.py
2023-04-07 12:27:47.738 [info] Active editor: file:///home/arturl/dev/PL/PL_TP/src/pug_parser.py
2023-04-07 12:27:55.335 [info] Active editor: file:///home/arturl/dev/PL/PL_TP/src/pug_ast/pug_ast.py
2023-04-07 12:27:56.034 [info] Active editor: file:///home/arturl/dev/PL/PL_TP/src/pug_lexer.py
2023-04-07 12:28:46.423 [info] Active editor: file:///home/arturl/dev/PL/PL_TP/src/pug_ast/pug_ast.py
2023-04-07 12:28:47.822 [info] Active editor: file:///home/arturl/dev/PL/PL_TP/src/pug_parser.py
2023-04-07 12:28:59.959 [info] Active editor: file:///home/arturl/dev/PL/PL_TP/src/pug_ast/pug_ast.py
2023-04-07 12:29:00.586 [info] Active editor: file:///home/arturl/dev/PL/PL_TP/src/pug_lexer.py
2023-04-07 12:42:40.831 [info] Executing :w
2023-04-07 12:42:42.238 [info] Executing :w
2023-04-07 12:43:27.892 [info] Executing :w
2023-04-07 12:43:59.742 [info] Executing :w
2023-04-07 12:44:03.175 [info] Active editor: file:///home/arturl/dev/PL/PL_TP/src/pug_ast/pug_ast.py
2023-04-07 12:44:03.668 [info] Active editor: file:///home/arturl/dev/PL/PL_TP/src/pug_parser.py
2023-04-07 12:44:51.479 [info] Executing :w
2023-04-07 12:44:52.062 [info] Executing :w
2023-04-07 12:45:13.099 [info] Active editor: file:///home/arturl/dev/PL/PL_TP/src/pug_ast/pug_ast.py
2023-04-07 12:45:13.612 [info] Active editor: file:///home/arturl/dev/PL/PL_TP/src/pug_lexer.py
2023-04-07 12:45:19.978 [info] Active editor: file:///home/arturl/dev/PL/PL_TP/src/pug_ast/pug_ast.py
2023-04-07 12:45:21.175 [info] Active editor: file:///home/arturl/dev/PL/PL_TP/src/pug_parser.py
2023-04-07 12:45:22.120 [info] Active editor: file:///home/arturl/dev/PL/PL_TP/src/pug_lexer.py
2023-04-07 12:45:44.970 [info] Active editor: file:///home/arturl/dev/PL/PL_TP/src/pug_ast/pug_ast.py
2023-04-07 12:45:45.882 [info] Active editor: file:///home/arturl/dev/PL/PL_TP/src/pug_lexer.py
2023-04-07 12:45:55.191 [info] Active editor: file:///home/arturl/dev/PL/PL_TP/src/pug_parser.py
2023-04-07 12:47:35.746 [info] Active editor: file:///home/arturl/dev/PL/PL_TP/src/pug_lexer.py
2023-04-07 12:48:04.542 [info] Active editor: file:///home/arturl/dev/PL/PL_TP/src/pug_parser.py
2023-04-07 12:48:37.011 [info] Active editor: file:///home/arturl/dev/PL/PL_TP/src/pug_ast/pug_ast.py
2023-04-07 12:48:37.941 [info] Active editor: file:///home/arturl/dev/PL/PL_TP/src/pug_lexer.py
2023-04-07 12:48:57.543 [info] Active editor: file:///home/arturl/dev/PL/PL_TP/src/pug_parser.py
2023-04-07 12:48:58.450 [info] Active editor: file:///home/arturl/dev/PL/PL_TP/src/pug_lexer.py
2023-04-07 12:48:59.865 [info] Active editor: file:///home/arturl/dev/PL/PL_TP/src/pug_ast/pug_ast.py
2023-04-07 12:49:00.980 [info] Active editor: file:///home/arturl/dev/PL/PL_TP/src/pug_parser.py
2023-04-07 12:49:02.196 [info] Active editor: file:///home/arturl/dev/PL/PL_TP/src/pug_lexer.py
2023-04-07 12:49:10.923 [info] Executing :w
2023-04-07 12:49:15.491 [info] Executing :w
2023-04-07 12:49:21.058 [info] /home/arturl/dev/PL/PL_TP/.venv/lib/python3.10/site-packages/ply/lex.py closed
2023-04-07 12:49:21.074 [info] /home/arturl/dev/PL/PL_TP/.venv/lib/python3.10/site-packages/ply/lex.py closed
2023-04-07 12:52:43.465 [info] Active editor: file:///home/arturl/dev/PL/PL_TP/src/pug_ast/pug_ast.py
2023-04-07 12:52:44.557 [info] Active editor: file:///home/arturl/dev/PL/PL_TP/src/pug_parser.py
2023-04-07 12:52:49.070 [info] Active editor: file:///home/arturl/dev/PL/PL_TP/src/pug_ast/pug_ast.py
2023-04-07 12:52:49.699 [info] Active editor: file:///home/arturl/dev/PL/PL_TP/src/pug_lexer.py
2023-04-07 12:52:58.501 [info] Executing :w
2023-04-07 12:56:47.382 [info] Executing :w
2023-04-07 12:57:29.649 [info] Executing :w
2023-04-07 12:57:35.610 [info] Executing :w
2023-04-07 12:59:29.563 [info] Executing :w
2023-04-07 12:59:54.815 [info] Executing :w
2023-04-07 13:00:24.886 [info] Executing :w
2023-04-07 13:00:30.722 [info] Executing :w
2023-04-07 13:00:33.509 [info] Executing :w
2023-04-07 13:00:37.590 [info] Executing :w
2023-04-07 13:00:47.863 [info] Executing :w
2023-04-07 13:01:54.362 [info] Executing :w
2023-04-07 13:01:59.122 [info] Executing :w
2023-04-07 13:02:00.508 [info] Searching for print
2023-04-07 13:02:04.968 [info] Executing :w
2023-04-07 13:03:01.576 [info] Executing :w
2023-04-07 13:03:04.509 [info] Executing :w
2023-04-07 13:03:05.749 [info] Executing :w
2023-04-07 13:04:03.422 [info] Active editor: file:///home/arturl/dev/PL/PL_TP/src/pug_parser.py
2023-04-07 13:04:11.712 [info] Executing :w
2023-04-07 13:04:25.873 [info] Active editor: file:///home/arturl/dev/PL/PL_TP/src/pug_ast/pug_ast.py
2023-04-07 13:04:26.573 [info] Active editor: file:///home/arturl/dev/PL/PL_TP/src/pug_lexer.py
2023-04-07 13:04:31.130 [info] Executing :w
2023-04-07 13:04:59.127 [info] Executing :w
2023-04-07 13:05:13.279 [info] Executing :w
2023-04-07 13:05:16.825 [info] Executing :w
2023-04-07 13:05:51.000 [info] Executing :w
2023-04-07 13:05:57.964 [info] Executing :w
2023-04-07 13:06:03.147 [info] Executing :w
2023-04-07 13:06:09.886 [info] Active editor: file:///home/arturl/dev/PL/PL_TP/src/pug_ast/pug_ast.py
2023-04-07 13:06:10.363 [info] Active editor: file:///home/arturl/dev/PL/PL_TP/src/pug_parser.py
2023-04-07 13:06:11.929 [info] Active editor: file:///home/arturl/dev/PL/PL_TP/src/pug_ast/pug_ast.py
2023-04-07 13:06:13.469 [info] Active editor: file:///home/arturl/dev/PL/PL_TP/src/pug_parser.py
2023-04-07 13:07:51.927 [info] Executing :w
2023-04-07 13:08:21.626 [info] Executing :w
2023-04-07 13:09:08.585 [warning] invalid cursor position. [[110, 4] | [110, 4]].
2023-04-07 13:09:08.585 [warning] invalid cursor position. [[110, 4] | [110, 4]].
2023-04-07 13:09:10.519 [info] Executing :w
2023-04-07 13:18:25.722 [info] Active editor: file:///home/arturl/dev/PL/PL_TP/src/pug_lexer.py
2023-04-07 13:18:52.378 [info] Executing :w
2023-04-07 13:18:55.661 [info] Executing :W
2023-04-07 13:18:57.589 [info] Executing :w
2023-04-07 13:19:18.615 [info] Executing :w
2023-04-07 13:19:25.092 [info] Executing :w
2023-04-07 13:19:30.151 [info] Executing :w
2023-04-07 13:19:34.673 [info] Executing :w
2023-04-07 13:19:55.221 [info] Executing :w
2023-04-07 13:19:59.736 [info] Executing :w
2023-04-07 13:20:03.702 [info] Executing :w
2023-04-07 13:20:17.215 [info] Active editor: file:///home/arturl/dev/PL/PL_TP/src/pug_parser.py
2023-04-07 13:20:32.372 [info] Executing :w
2023-04-07 13:21:23.256 [info] Executing :w
2023-04-07 13:21:33.169 [info] Executing :w
2023-04-07 13:22:22.297 [info] Executing :w
2023-04-07 13:22:31.285 [info] Executing :w
2023-04-07 13:22:59.171 [info] Executing :w
2023-04-07 13:23:01.035 [info] Executing :w
2023-04-07 13:23:44.436 [info] Active editor: file:///home/arturl/dev/PL/PL_TP/src/pug_ast/pug_ast.py
2023-04-07 13:23:44.850 [info] Active editor: file:///home/arturl/dev/PL/PL_TP/src/pug_lexer.py
2023-04-07 13:24:28.598 [info] Executing :w
2023-04-07 13:24:37.143 [info] Executing :w
2023-04-07 13:24:40.243 [info] Executing :w
2023-04-07 13:24:41.509 [info] Executing :w
2023-04-07 13:24:55.410 [info] Executing :w
2023-04-07 13:24:58.299 [info] Executing :w
2023-04-07 13:25:11.956 [info] Active editor: file:///home/arturl/dev/PL/PL_TP/src/pug_parser.py
2023-04-07 13:25:18.750 [info] Active editor: file:///home/arturl/dev/PL/PL_TP/src/pug_ast/pug_ast.py
2023-04-07 13:25:19.205 [info] Active editor: file:///home/arturl/dev/PL/PL_TP/src/pug_lexer.py
2023-04-07 13:25:29.707 [info] Executing :w
2023-04-07 13:25:32.529 [info] Executing :w
2023-04-07 13:25:43.317 [info] Active editor: file:///home/arturl/dev/PL/PL_TP/src/pug_parser.py
2023-04-07 13:26:10.644 [info] Active editor: file:///home/arturl/dev/PL/PL_TP/src/pug_lexer.py
2023-04-07 13:26:14.918 [info] Active editor: file:///home/arturl/dev/PL/PL_TP/src/pug_parser.py
2023-04-07 13:26:24.468 [info] Executing :w
2023-04-07 13:26:37.913 [info] Executing :w
2023-04-07 13:26:41.894 [info] Executing :w
2023-04-07 13:26:45.778 [info] Executing :w
2023-04-07 13:26:53.982 [info] Executing :w
2023-04-07 13:27:06.407 [info] Executing :w
2023-04-07 13:27:10.459 [info] Executing :w
2023-04-07 13:27:16.094 [info] Executing :w
2023-04-07 13:27:53.782 [info] Executing :w
2023-04-07 13:27:57.081 [info] Executing :w
2023-04-07 13:27:59.494 [info] Executing :w
2023-04-07 13:28:04.864 [info] Executing :w
2023-04-07 13:28:07.062 [info] Executing :w
2023-04-07 13:28:11.933 [info] Executing :w
2023-04-07 13:28:15.661 [info] Executing :w
2023-04-07 13:28:18.474 [info] Executing :w
2023-04-07 13:28:40.817 [info] Executing :w
2023-04-07 13:28:43.267 [info] Executing :w
2023-04-07 13:28:47.505 [info] Executing :w
2023-04-07 13:29:09.200 [info] Executing :w
2023-04-07 13:29:12.884 [info] Executing :w
2023-04-07 13:29:29.073 [info] Active editor: file:///home/arturl/dev/PL/PL_TP/src/pug_lexer.py
2023-04-07 13:29:36.050 [info] Active editor: file:///home/arturl/dev/PL/PL_TP/src/pug_parser.py
2023-04-07 13:29:45.173 [info] Executing :
2023-04-07 13:29:45.881 [info] Executing :w
2023-04-07 13:29:57.127 [info] Executing :w
2023-04-07 13:30:04.950 [info] Executing :w
2023-04-07 14:09:20.525 [info] Executing :w
2023-04-07 14:09:27.122 [info] Executing :w
2023-04-07 14:09:39.383 [info] Executing :w
2023-04-07 14:09:46.976 [info] Executing :w
2023-04-07 14:09:50.539 [info] Executing :
2023-04-07 14:09:51.207 [info] Executing :w
2023-04-07 14:09:55.402 [info] Executing :w
2023-04-07 14:10:00.367 [info] Executing :w
2023-04-07 14:10:50.365 [info] Executing :w
2023-04-07 14:10:55.217 [info] Executing :w
2023-04-07 14:11:03.803 [info] Executing :set rnu
2023-04-07 14:11:03.881 [info] /home/arturl/.config/Code - OSS/User/settings.json closed
2023-04-07 14:11:03.892 [info] Configuration changed
2023-04-07 14:11:06.496 [info] Executing :w
2023-04-07 14:11:11.852 [info] Executing :w
2023-04-07 14:11:22.140 [info] Executing :w
2023-04-07 14:11:23.731 [info] Executing :w
2023-04-07 14:11:33.491 [info] Executing :w
2023-04-07 14:12:25.459 [warning] invalid cursor position. [[115, 5] | [115, 5]].
2023-04-07 14:12:25.459 [warning] invalid cursor position. [[115, 5] | [115, 5]].
2023-04-07 14:12:30.076 [info] Executing :w
2023-04-07 14:12:36.863 [info] Executing :w
2023-04-07 14:12:41.056 [info] Executing :w
2023-04-07 14:12:46.924 [info] Executing :w
2023-04-07 14:12:55.759 [info] Executing :w
2023-04-07 14:13:00.314 [info] Executing :w
2023-04-07 14:13:09.985 [info] /home/arturl/.vscode-oss/extensions/ms-python.python-2023.6.0-universal/pythonFiles/lib/jedilsp/jedi/third_party/typeshed/stdlib/3/builtins.pyi closed
2023-04-07 14:13:17.188 [info] Executing :w
2023-04-07 14:14:27.187 [info] Executing :w
2023-04-07 14:14:52.979 [info] Executing :w
2023-04-07 14:15:10.521 [info] Active editor: file:///home/arturl/dev/PL/PL_TP/src/main.py
2023-04-07 14:15:32.091 [info] Executing :w
2023-04-07 14:15:35.986 [info] Executing :w
2023-04-07 14:15:37.855 [info] Active editor: file:///home/arturl/dev/PL/PL_TP/src/pug_parser.py
2023-04-07 14:15:42.042 [info] Executing :w
2023-04-07 14:15:43.665 [info] Active editor: file:///home/arturl/dev/PL/PL_TP/src/main.py
2023-04-07 14:15:49.911 [info] Executing :w
2023-04-07 14:15:59.942 [info] Executing :w
2023-04-07 14:17:17.915 [info] Active editor: file:///home/arturl/dev/PL/PL_TP/src/pug_parser.py
2023-04-07 14:17:28.149 [info] Active editor: file:///home/arturl/dev/PL/PL_TP/src/main.py
2023-04-07 14:17:34.411 [info] Executing :w
2023-04-07 14:17:34.849 [info] Executing :w
2023-04-07 14:18:11.825 [info] Executing :w
2023-04-07 14:18:27.001 [info] Executing :w
2023-04-07 14:18:35.321 [info] Executing :w
2023-04-07 14:19:01.728 [info] Executing :w
2023-04-07 14:19:08.825 [info] Executing :w
2023-04-07 14:19:12.210 [info] Active editor: file:///home/arturl/dev/PL/PL_TP/src/pug_parser.py
2023-04-07 14:19:16.657 [info] Active editor: file:///home/arturl/dev/PL/PL_TP/src/pug_lexer.py
2023-04-07 14:19:18.242 [info] Executing :w
2023-04-07 14:19:21.174 [info] Active editor: file:///home/arturl/dev/PL/PL_TP/src/pug_parser.py
2023-04-07 14:19:30.666 [info] Active editor: file:///home/arturl/dev/PL/PL_TP/src/pug_lexer.py
2023-04-07 14:19:33.151 [info] Active editor: file:///home/arturl/dev/PL/PL_TP/src/main.py
2023-04-07 14:19:40.531 [info] Executing :w
2023-04-07 14:19:41.181 [info] Executing :w
2023-04-07 14:19:43.617 [info] Executing :w
2023-04-07 14:19:52.809 [info] Executing :w
2023-04-07 14:19:53.707 [info] Executing :w
2023-04-07 14:20:13.323 [info] Executing :w
2023-04-07 14:20:24.296 [info] Executing :w
2023-04-07 14:20:31.666 [info] Executing :w
2023-04-07 14:20:33.080 [info] Executing :w
2023-04-07 14:20:41.738 [info] Active editor: file:///home/arturl/dev/PL/PL_TP/src/pug_lexer.py
2023-04-07 14:20:44.825 [info] Active editor: file:///home/arturl/dev/PL/PL_TP/src/pug_ast/pug_ast.py
2023-04-07 14:20:46.209 [info] Active editor: file:///home/arturl/dev/PL/PL_TP/src/pug_parser.py
2023-04-07 14:21:14.612 [info] Executing :w
2023-04-07 14:21:26.962 [info] Executing :w
2023-04-07 14:21:35.244 [info] Executing :w
2023-04-07 14:22:35.973 [info] Active editor: file:///home/arturl/dev/PL/PL_TP/src/pug_lexer.py
2023-04-07 14:23:05.700 [info] Executing :w
2023-04-07 14:23:48.688 [info] Executing :w
2023-04-07 14:24:37.571 [info] Executing :w
2023-04-07 14:24:41.388 [info] Active editor: file:///home/arturl/dev/PL/PL_TP/src/pug_parser.py
2023-04-07 14:24:49.552 [info] Executing :w
2023-04-07 14:25:11.642 [info] Executing :W
2023-04-07 14:25:14.267 [info] Executing :w
2023-04-07 14:27:12.517 [info] Active editor: file:///home/arturl/dev/PL/PL_TP/src/pug_ast/pug_ast.py
2023-04-07 14:27:13.697 [info] Active editor: file:///home/arturl/dev/PL/PL_TP/src/pug_lexer.py
2023-04-07 14:27:21.240 [info] Active editor: file:///home/arturl/dev/PL/PL_TP/src/pug_parser.py
2023-04-07 14:27:23.843 [info] Active editor: file:///home/arturl/dev/PL/PL_TP/src/main.py
2023-04-07 14:27:40.549 [info] Active editor: file:///home/arturl/dev/PL/PL_TP/src/pug_parser.py
2023-04-07 14:27:41.436 [info] Active editor: file:///home/arturl/dev/PL/PL_TP/src/pug_lexer.py
2023-04-07 14:28:54.267 [info] Executing :w
2023-04-07 14:28:57.341 [info] Executing :w
2023-04-07 14:28:59.367 [info] Executing :w
2023-04-07 14:29:01.245 [info] Active editor: file:///home/arturl/dev/PL/PL_TP/src/main.py
2023-04-07 14:29:01.988 [info] Active editor: file:///home/arturl/dev/PL/PL_TP/src/pug_parser.py
2023-04-07 14:29:23.044 [info] Active editor: file:///home/arturl/dev/PL/PL_TP/src/pug_lexer.py
2023-04-07 14:29:29.389 [info] Executing :w
2023-04-07 14:29:32.888 [info] Executing :w
2023-04-07 14:29:35.295 [info] Active editor: file:///home/arturl/dev/PL/PL_TP/src/pug_parser.py
2023-04-07 14:30:39.471 [info] Active editor: file:///home/arturl/dev/PL/PL_TP/src/pug_lexer.py
2023-04-07 14:31:20.335 [info] Active editor: file:///home/arturl/dev/PL/PL_TP/src/pug_ast/pug_ast.py
2023-04-07 14:31:21.996 [info] Active editor: file:///home/arturl/dev/PL/PL_TP/src/pug_parser.py
2023-04-07 14:31:32.375 [info] Executing :w
2023-04-07 14:31:32.417 [warning] :w failed
2023-04-07 14:31:33.981 [info] Executing :w
2023-04-07 14:31:43.240 [info] Active editor: file:///home/arturl/dev/PL/PL_TP/src/main.py
2023-04-07 14:31:46.397 [info] Executing :w
2023-04-07 14:31:53.568 [info] Active editor: file:///home/arturl/dev/PL/PL_TP/src/pug_parser.py
2023-04-07 14:31:57.619 [info] Active editor: file:///home/arturl/dev/PL/PL_TP/src/pug_lexer.py
2023-04-07 14:32:15.902 [info] Executing :w
2023-04-07 14:32:26.000 [info] Executing :w
2023-04-07 14:33:05.766 [info] Active editor: file:///home/arturl/dev/PL/PL_TP/src/main.py
2023-04-07 14:33:08.298 [info] Executing :w
2023-04-07 14:36:00.461 [info] Active editor: file:///home/arturl/dev/PL/PL_TP/src/pug_lexer.py
2023-04-07 14:36:53.600 [info] Executing :w
2023-04-07 14:36:56.873 [info] Executing :w
2023-04-07 14:37:15.460 [info] Executing :w
2023-04-07 14:38:39.607 [info] Executing :w
2023-04-07 14:38:43.197 [info] Executing :w
2023-04-07 14:39:00.193 [info] Executing :w
2023-04-07 14:39:15.344 [info] Executing :w
2023-04-07 14:39:41.702 [info] Executing :w
2023-04-07 14:39:48.103 [info] Executing :w
2023-04-07 14:40:02.355 [info] Executing :w
2023-04-07 14:41:14.312 [info] Executing :W
2023-04-07 14:41:17.605 [info] Executing :w
2023-04-07 14:42:09.636 [info] Active editor: file:///home/arturl/dev/PL/PL_TP/src/pug_parser.py
2023-04-07 14:42:10.977 [info] Active editor: file:///home/arturl/dev/PL/PL_TP/src/main.py
2023-04-07 14:42:13.758 [info] Executing :w
2023-04-07 14:42:25.020 [info] Active editor: file:///home/arturl/dev/PL/PL_TP/src/pug_lexer.py
2023-04-07 14:42:26.408 [info] Searching for peak
2023-04-07 14:42:27.578 [info] Executing :w
2023-04-07 14:46:17.163 [info] Executing :w
2023-04-07 14:46:22.893 [info] Executing :w
2023-04-07 14:47:48.913 [info] Executing :w
2023-04-07 14:47:50.756 [info] Executing :w
2023-04-07 14:48:51.889 [info] Executing :w
2023-04-07 14:49:16.426 [info] Executing :w
2023-04-07 14:50:05.872 [info] Executing :w
2023-04-07 14:51:31.007 [info] Executing :w
2023-04-07 14:51:39.053 [info] Executing :w
2023-04-07 14:51:51.746 [info] Active editor: file:///home/arturl/dev/PL/PL_TP/src/main.py
2023-04-07 14:52:10.107 [info] Active editor: file:///home/arturl/dev/PL/PL_TP/src/pug_ast/pug_ast.py
2023-04-07 14:52:10.557 [info] Active editor: file:///home/arturl/dev/PL/PL_TP/src/pug_parser.py
2023-04-07 14:52:33.701 [info] Executing :w
2023-04-07 14:52:34.585 [info] Executing :w
2023-04-07 14:52:45.706 [info] Active editor: file:///home/arturl/dev/PL/PL_TP/src/pug_ast/pug_ast.py
2023-04-07 14:52:46.516 [info] Active editor: file:///home/arturl/dev/PL/PL_TP/src/main.py
2023-04-07 14:52:54.294 [info] Active editor: file:///home/arturl/dev/PL/PL_TP/src/pug_lexer.py
2023-04-07 14:53:00.786 [info] Executing :w
2023-04-07 14:53:04.308 [info] Executing :W
2023-04-07 14:53:07.716 [info] Executing :w
2023-04-07 14:53:10.267 [info] Executing :w
2023-04-07 14:53:31.884 [info] Executing :w
2023-04-07 14:53:42.187 [info] Executing :w
2023-04-07 14:54:02.492 [info] Executing :w
2023-04-07 14:54:13.232 [info] Executing :w
2023-04-07 14:54:47.584 [info] Executing :w
2023-04-07 14:54:54.649 [info] Executing :w
2023-04-07 14:55:17.793 [info] Executing :w
2023-04-07 14:55:25.182 [info] Executing :w
2023-04-07 14:55:31.041 [info] Active editor: file:///home/arturl/dev/PL/PL_TP/src/pug_parser.py
2023-04-07 14:55:32.030 [info] Active editor: file:///home/arturl/dev/PL/PL_TP/src/pug_lexer.py
2023-04-07 14:55:32.500 [info] Active editor: file:///home/arturl/dev/PL/PL_TP/src/pug_ast/pug_ast.py
2023-04-07 14:55:34.451 [info] Active editor: file:///home/arturl/dev/PL/PL_TP/src/pug_parser.py
2023-04-07 14:55:49.807 [info] Active editor: file:///home/arturl/dev/PL/PL_TP/src/main.py
2023-04-07 14:56:25.228 [info] Active editor: file:///home/arturl/dev/PL/PL_TP/src/pug_ast/pug_ast.py
2023-04-07 14:56:26.025 [info] Active editor: file:///home/arturl/dev/PL/PL_TP/src/pug_lexer.py
2023-04-07 14:56:44.844 [info] Active editor: file:///home/arturl/dev/PL/PL_TP/src/main.py
2023-04-07 14:56:54.593 [info] Active editor: file:///home/arturl/dev/PL/PL_TP/src/pug_parser.py
2023-04-07 14:56:57.181 [info] Active editor: file:///home/arturl/dev/PL/PL_TP/src/pug_lexer.py
2023-04-07 14:57:05.809 [info] Executing :w
2023-04-07 14:57:11.114 [info] Executing :w
2023-04-07 14:57:23.616 [info] Executing :w
2023-04-07 14:57:35.292 [info] Executing :w
2023-04-07 14:57:39.574 [info] Executing :w
2023-04-07 14:57:40.129 [info] Executing :w
2023-04-07 14:58:01.050 [info] Executing :w
2023-04-07 14:58:05.433 [info] Executing :w
2023-04-07 14:58:26.434 [info] Executing :w
2023-04-07 14:58:36.677 [info] Active editor: file:///home/arturl/dev/PL/PL_TP/src/main.py
2023-04-07 14:58:46.797 [info] Active editor: file:///home/arturl/dev/PL/PL_TP/src/pug_lexer.py
2023-04-07 14:59:00.472 [info] Executing :w
2023-04-07 14:59:54.343 [warning] invalid cursor position. [[54, 8] | [54, 8]].
2023-04-07 15:00:00.965 [info] Executing :w
2023-04-07 15:00:35.319 [info] Executing :w
2023-04-07 15:01:09.907 [info] Executing :w
2023-04-07 15:01:15.861 [info] Executing :w
2023-04-07 15:02:11.335 [info] Active editor: file:///home/arturl/dev/PL/PL_TP/src/main.py
2023-04-07 15:02:12.627 [info] Active editor: file:///home/arturl/dev/PL/PL_TP/src/pug_lexer.py
2023-04-07 15:02:29.529 [info] Active editor: file:///home/arturl/dev/PL/PL_TP/src/main.py
2023-04-07 15:02:40.372 [info] Active editor: file:///home/arturl/dev/PL/PL_TP/src/pug_lexer.py
2023-04-07 15:03:06.613 [info] Executing :w
2023-04-07 15:06:22.522 [info] Active editor: file:///home/arturl/dev/PL/PL_TP/src/main.py
2023-04-07 15:06:50.365 [info] Active editor: file:///home/arturl/dev/PL/PL_TP/src/pug_lexer.py
2023-04-07 15:06:57.497 [info] Executing :w
2023-04-07 15:07:08.524 [info] Active editor: file:///home/arturl/dev/PL/PL_TP/src/pug_ast/pug_ast.py
2023-04-07 15:07:10.349 [info] Active editor: file:///home/arturl/dev/PL/PL_TP/src/pug_parser.py
2023-04-07 15:07:41.244 [info] Executing :w
2023-04-07 15:09:51.114 [info] Executing :w
2023-04-07 15:09:57.683 [info] Executing :w
2023-04-07 15:09:58.567 [info] Executing :w
2023-04-07 15:10:09.662 [info] Executing :w
2023-04-07 15:10:10.720 [info] Executing :w
2023-04-07 15:10:23.576 [info] Executing :w
2023-04-07 15:10:27.357 [info] Executing :w
2023-04-07 15:11:01.559 [info] Executing :w
2023-04-07 15:11:08.123 [info] Executing :w
2023-04-07 15:11:43.880 [info] Executing :w
2023-04-07 15:13:22.363 [info] Executing :w
2023-04-07 15:14:12.968 [info] Active editor: file:///home/arturl/dev/PL/PL_TP/src/main.py
2023-04-07 15:14:17.491 [info] Active editor: file:///home/arturl/dev/PL/PL_TP/src/pug_parser.py
2023-04-07 15:14:26.131 [info] Executing :w
2023-04-07 15:14:58.674 [info] Executing :w
2023-04-07 15:15:06.179 [info] Executing :w
2023-04-07 15:20:14.024 [info] Executing :w
2023-04-07 15:20:20.303 [info] Executing :w
2023-04-07 15:23:13.374 [info] Executing :w
2023-04-07 15:24:04.878 [info] Executing :w
2023-04-07 15:24:22.417 [warning] invalid cursor position. [[15, 8] | [15, 8]].
2023-04-07 15:25:17.229 [info] Executing :w
2023-04-07 15:25:22.365 [info] Executing :w
2023-04-07 15:26:12.726 [info] Executing :w
2023-04-07 15:26:27.825 [info] Executing :w
2023-04-07 15:26:56.497 [info] Executing :w
2023-04-07 15:26:58.078 [info] Executing :w
2023-04-07 15:27:15.769 [info] Active editor: file:///home/arturl/dev/PL/PL_TP/src/main.py
2023-04-07 15:36:15.299 [info] Active editor: file:///home/arturl/dev/PL/PL_TP/src/pug_lexer.py
2023-04-07 15:37:21.503 [info] Executing :w
2023-04-07 15:37:35.190 [info] Executing :w
2023-04-07 15:37:56.198 [info] Active editor: file:///home/arturl/dev/PL/PL_TP/src/pug_ast/pug_ast.py
2023-04-07 15:38:01.003 [info] Executing :w
2023-04-07 15:38:13.865 [info] Active editor: file:///home/arturl/dev/PL/PL_TP/src/pug_parser.py
2023-04-07 15:38:34.948 [info] Executing :w
2023-04-07 15:39:33.630 [info] Executing :w
2023-04-07 15:40:01.053 [info] Executing :w
2023-04-07 15:40:08.765 [info] Active editor: file:///home/arturl/dev/PL/PL_TP/src/pug_ast/pug_ast.py
2023-04-07 15:40:12.287 [info] Active editor: file:///home/arturl/dev/PL/PL_TP/src/pug_parser.py
2023-04-07 15:40:12.851 [info] Active editor: file:///home/arturl/dev/PL/PL_TP/src/pug_ast/pug_ast.py
2023-04-07 15:40:16.092 [info] Active editor: file:///home/arturl/dev/PL/PL_TP/src/main.py
2023-04-07 15:40:34.281 [info] Active editor: file:///home/arturl/dev/PL/PL_TP/src/pug_parser.py
2023-04-07 15:40:58.332 [info] Executing :w
2023-04-07 15:41:04.382 [info] Executing :w
2023-04-07 15:41:20.753 [info] Executing :w
2023-04-07 15:42:01.001 [info] Active editor: file:///home/arturl/dev/PL/PL_TP/src/main.py
2023-04-07 15:42:14.864 [info] Active editor: file:///home/arturl/dev/PL/PL_TP/src/pug_ast/pug_ast.py
2023-04-07 15:43:58.329 [info] Executing :w
2023-04-07 15:44:01.949 [info] Executing :w
2023-04-07 15:44:24.220 [info] Executing :w
2023-04-07 15:44:27.849 [info] Executing :w
2023-04-07 15:44:28.989 [info] Executing :w
2023-04-07 15:44:31.677 [info] Executing :w
2023-04-07 15:44:36.598 [info] Executing :w
2023-04-07 15:44:42.128 [info] Executing :w
2023-04-07 15:44:47.346 [info] Executing :w
2023-04-07 15:44:49.430 [info] Active editor: file:///home/arturl/dev/PL/PL_TP/src/main.py
2023-04-07 15:44:57.028 [info] Active editor: file:///home/arturl/dev/PL/PL_TP/src/pug_parser.py
2023-04-07 15:44:58.887 [info] Active editor: file:///home/arturl/dev/PL/PL_TP/src/pug_ast/pug_ast.py
2023-04-07 15:45:14.297 [info] Executing :w
2023-04-07 15:45:24.674 [info] Executing :w
2023-04-07 15:45:33.329 [info] Executing :w
2023-04-07 15:49:14.038 [info] Executing :w
2023-04-07 15:49:16.275 [info] Executing :w
2023-04-07 15:49:40.204 [info] Executing :w
2023-04-07 15:49:44.788 [info] Executing :w
2023-04-07 15:50:00.756 [info] Executing :w
2023-04-07 15:50:08.723 [info] Executing :w
2023-04-07 15:51:20.978 [info] Executing :w
2023-04-07 15:51:27.237 [info] Executing :w
2023-04-07 15:51:36.415 [info] Executing :w
2023-04-07 15:51:43.173 [info] Executing :w
2023-04-07 15:51:50.566 [info] Searching for print
2023-04-07 15:51:51.829 [info] Active editor: file:///home/arturl/dev/PL/PL_TP/src/pug_lexer.py
2023-04-07 15:51:56.587 [info] Active editor: file:///home/arturl/dev/PL/PL_TP/src/pug_parser.py
2023-04-07 15:52:05.161 [info] Executing :w
2023-04-07 16:01:34.585 [info] Active editor: file:///home/arturl/dev/PL/PL_TP/src/main.py
