2023-04-06 11:14:00.176 [info] Log level: Info
2023-04-06 11:14:00.176 [info] Validating found git in: "git"
2023-04-06 11:14:00.176 [info] Using git "2.40.0" from "git"
2023-04-06 11:14:00.176 [info] > git rev-parse --show-toplevel [3ms]
2023-04-06 11:14:00.190 [info] > git rev-parse --git-dir --git-common-dir [15ms]
2023-04-06 11:14:00.193 [info] Open repository: /home/arturl/dev/languages/rust_example
2023-04-06 11:14:00.206 [info] > git config --get commit.template [3ms]
2023-04-06 11:14:00.207 [info] > git rev-parse --show-toplevel [9ms]
2023-04-06 11:14:00.221 [info] No remotes found in the git config file.
2023-04-06 11:14:00.222 [info] > git rev-parse --show-toplevel [10ms]
2023-04-06 11:14:00.230 [info] > git for-each-ref --format=%(refname)%00%(upstream:short)%00%(objectname)%00%(upstream:track)%00%(upstream:remotename)%00%(upstream:remoteref) refs/heads/master refs/remotes/master [10ms]
2023-04-06 11:14:00.236 [info] > git status -z -uall [1ms]
2023-04-06 11:14:00.236 [info] > git rev-parse --show-toplevel [7ms]
2023-04-06 11:14:00.253 [info] No remotes found in the git config file.
2023-04-06 11:14:00.254 [info] > git config --get commit.template [9ms]
2023-04-06 11:14:00.255 [info] > git for-each-ref --format=%(refname)%00%(upstream:short)%00%(objectname)%00%(upstream:track)%00%(upstream:remotename)%00%(upstream:remoteref) refs/heads/master refs/remotes/master [2ms]
2023-04-06 11:14:00.262 [info] > git status -z -uall [1ms]
2023-04-06 11:14:00.528 [info] > git show --textconv :src/main.rs [5ms]
2023-04-06 11:14:00.529 [info] > git ls-files --stage -- /home/arturl/dev/languages/rust_example/src/main.rs [2ms]
2023-04-06 11:14:00.737 [info] > git check-ignore -v -z --stdin [1ms]
2023-04-06 11:14:39.782 [info] No remotes found in the git config file.
2023-04-06 11:14:39.783 [info] > git config --get commit.template [4ms]
2023-04-06 11:14:39.783 [info] > git for-each-ref --format=%(refname)%00%(upstream:short)%00%(objectname)%00%(upstream:track)%00%(upstream:remotename)%00%(upstream:remoteref) refs/heads/master refs/remotes/master [1ms]
2023-04-06 11:14:39.788 [info] > git status -z -uall [1ms]
2023-04-06 11:14:44.797 [info] No remotes found in the git config file.
2023-04-06 11:14:44.797 [info] > git config --get commit.template [3ms]
2023-04-06 11:14:44.798 [info] > git for-each-ref --format=%(refname)%00%(upstream:short)%00%(objectname)%00%(upstream:track)%00%(upstream:remotename)%00%(upstream:remoteref) refs/heads/master refs/remotes/master [2ms]
2023-04-06 11:14:44.801 [info] > git status -z -uall [1ms]
2023-04-06 11:15:26.493 [info] No remotes found in the git config file.
2023-04-06 11:15:26.494 [info] > git config --get commit.template [3ms]
2023-04-06 11:15:26.494 [info] > git for-each-ref --format=%(refname)%00%(upstream:short)%00%(objectname)%00%(upstream:track)%00%(upstream:remotename)%00%(upstream:remoteref) refs/heads/master refs/remotes/master [1ms]
2023-04-06 11:15:26.497 [info] > git status -z -uall [1ms]
2023-04-06 11:15:32.558 [info] No remotes found in the git config file.
2023-04-06 11:15:32.559 [info] > git config --get commit.template [4ms]
2023-04-06 11:15:32.559 [info] > git for-each-ref --format=%(refname)%00%(upstream:short)%00%(objectname)%00%(upstream:track)%00%(upstream:remotename)%00%(upstream:remoteref) refs/heads/master refs/remotes/master [1ms]
2023-04-06 11:15:32.564 [info] > git status -z -uall [1ms]
2023-04-06 11:16:20.006 [info] No remotes found in the git config file.
2023-04-06 11:16:20.007 [info] > git config --get commit.template [3ms]
2023-04-06 11:16:20.007 [info] > git for-each-ref --format=%(refname)%00%(upstream:short)%00%(objectname)%00%(upstream:track)%00%(upstream:remotename)%00%(upstream:remoteref) refs/heads/master refs/remotes/master [1ms]
2023-04-06 11:16:20.010 [info] > git status -z -uall [0ms]
2023-04-06 11:16:31.707 [info] No remotes found in the git config file.
2023-04-06 11:16:31.708 [info] > git config --get commit.template [5ms]
2023-04-06 11:16:31.708 [info] > git for-each-ref --format=%(refname)%00%(upstream:short)%00%(objectname)%00%(upstream:track)%00%(upstream:remotename)%00%(upstream:remoteref) refs/heads/master refs/remotes/master [1ms]
2023-04-06 11:16:31.712 [info] > git status -z -uall [0ms]
2023-04-06 11:16:42.908 [info] > git check-ignore -v -z --stdin [1ms]
2023-04-06 11:17:20.882 [warning] ENOENT: no such file or directory, open '/home/arturl/dev/languages/rust_example/.git/HEAD'
2023-04-06 11:17:20.890 [warning] getRemotes() - ENOENT: no such file or directory, open '/home/arturl/dev/languages/rust_example/.git/config'
2023-04-06 11:17:20.900 [warning] ENOENT: no such file or directory, open '/home/arturl/dev/languages/rust_example/.git/HEAD'
2023-04-06 11:17:20.907 [warning] getRemotes() - ENOENT: no such file or directory, open '/home/arturl/dev/languages/rust_example/.git/config'
