[25481][1686760508339][main][info]["Booting Postman 10.14.2, linux-6.3.7-arch1-1 on x64"]
[25481][1686760508341][main][info]["EventBus~initialize - Success"]
[25481][1686760508343][main][info]["Proxy configuration has not been setup"]
[25481][1686760508343][main][info]["CloudProxyManager~init - Success"]
[25481][1686760508347][main][info]["performShellDataMigration: Starting shell data migration"]
[25481][1686760508347][main][info]["migrateShellData:Starting"]
[25481][1686760508359][main][info]["migrateShellData: Old storage cleaned up"]
[25481][1686760508478][main][info]["migrateShellData: Got data from shell. Writing to storage"]
[25481][1686760508482][main][info]["performShellDataMigration: Migration successful on try count 1"]
[25481][1686760508487][main][info]["UpdateHandler~init - Success"]
[25481][1686760508489][main][info]["LeaderSelection: Initialized successfully"]
[25481][1686760508489][main][info]["VersionDependencyService: Initialized successfully"]
[25481][1686760508497][main][info]["Generated root certificate for linux"]
[25481][1686760508499][main][info]["LinuxAutoUpdater~Cleanup - Initial cleanup successful"]
[25481][1686760508509][main][info]["GPU detected VID 4098 DID 5688 ACTIVE true"]
[25481][1686760508509][main][info]["GPU detected VID 4318 DID 9568 ACTIVE false"]
[25481][1686760508526][main][info]["shellController~init: Success"]
[25481][1686760508530][main][info]["shellMeta~init: Success"]
[25481][1686760508530][main][info]["partitionMigrationService: State of V7 partition:"]
[25481][1686760508530][main][info]["partitionMigrationService: V7 partitions",[]]
[25481][1686760508530][main][info]["partitionMigrationService~rectifyNamespaceOfScratchPadPartition: There is no partition with scratchpad namespace"]
[25481][1686760508530][main][info]["partitionMigrationService~rectifyNamespaceOfScratchPadPartition: There is no transit partition which could have been used for scratchpad"]
[25481][1686760508531][main][info]["partitionMigrationService~init: Success"]
[25481][1686760508541][main][info]["partitionMigrationService~runV8PartitionsIntegrity: Two way migration~ removing the following partitions from v8",[]]
[25481][1686760508551][main][info]["userPartitionService~_rectifyTheActivePartitionOfApplication: Setting the active partition to ",null]
[25481][1686760508561][main][info]["userPartitionService~init: Success"]
[25481][1686760508571][main][info]["userPartitionService: State of v8 partition system:"]
[25481][1686760508573][main][info]["shell~init~getPartitionToLoad: loading scratchpad partition"]
[25481][1686760508574][main][info]["userPartitionService: List of partitions:",[]]
[25481][1686760508574][main][info]["userPartitionService: users global meta:",{}]
[25481][1686760510162][main][info]["RuntimeIPCAgent~started: Success"]
[25481][1686760510465][main][info]["UpdateHandler~app-update-events - Received event",{"name":"checkForElectronVersionUpdated","namespace":"appUpdate"}]
[25481][1686760510471][main][info]["windowManager: First requester booted successfully."]
[25481][1686760510472][main][info]["windowManager~restoreWindows: Restoring requester windows"]
[25481][1686760510472][main][info]["Main~AppEvents - Received booted event for process requester.Version undefined UI Version: undefined Desktop Platform Version: 10.14.2"]
[25481][1686760521767][main][info]["UpdateHandler~app-update-events - Received event",{"name":"updateElectron","namespace":"appUpdate","data":{"channel":"stable","version":"10.14.2","downloadVersion":"10.15.0","appId":"2716938c-a637-4dcd-8ee8-9ea014cc1b28","userAgent":"Mozilla/5.0 (X11; Linux x86_64) AppleWebKit/537.36 (KHTML, like Gecko) Postman/10.14.2 Chrome/100.0.4896.160 Electron/18.3.5 Safari/537.36","platform":"LINUX","arch":"64","downloadURL":"https://dl.pstmn.io/download/version/10.15.0/linux_64","updateServerDomain":"https://dl.pstmn.io/","additionalParamsString":"installationId=2716938c-a637-4dcd-8ee8-9ea014cc1b28&userId=0&syncEnabled=false&teamPlan=&teamId=0","userId":"0"}}]
[25481][1686760521767][main][info]["LinuxUpdater~downloadUpdate - UpdateInfo received",{"channel":"stable","version":"10.14.2","downloadVersion":"10.15.0","appId":"2716938c-a637-4dcd-8ee8-9ea014cc1b28","userAgent":"Mozilla/5.0 (X11; Linux x86_64) AppleWebKit/537.36 (KHTML, like Gecko) Postman/10.14.2 Chrome/100.0.4896.160 Electron/18.3.5 Safari/537.36","platform":"LINUX","arch":"64","downloadURL":"https://dl.pstmn.io/download/version/10.15.0/linux_64","updateServerDomain":"https://dl.pstmn.io/","additionalParamsString":"installationId=2716938c-a637-4dcd-8ee8-9ea014cc1b28&userId=0&syncEnabled=false&teamPlan=&teamId=0","userId":"0"}]
[25481][1686760521829][main][info]["@postman/app-updater: error",{"errno":-13,"code":"EACCES","syscall":"open","path":"/opt/postman/Postman-1686760521768.tar.gz","name":"Error","message":"EACCES: permission denied, open '/opt/postman/Postman-1686760521768.tar.gz'","stack":"Error: EACCES: permission denied, open '/opt/postman/Postman-1686760521768.tar.gz'"},{"packageName":"Postman","eID":"Postman-1686760521768","downloadURL":"https://dl.pstmn.io/download/version/10.15.0/linux_64","downloadDirectory":"/opt/postman","downloadInfo":{"status":"DOWNLOAD_ERROR","error":{"errno":-13,"code":"EACCES","syscall":"open","path":"/opt/postman/Postman-1686760521768.tar.gz"},"downloadDirectory":"/opt/postman"}}]
[25481][1686760521830][main][info]["UpdateHandler~app-update-events - Received event",{"name":"electronAppUpdateError","namespace":"appUpdate","data":{"error":{"errno":-13,"code":"EACCES","syscall":"open","path":"/opt/postman/Postman-1686760521768.tar.gz","name":"Error","message":"EACCES: permission denied, open '/opt/postman/Postman-1686760521768.tar.gz'","stack":"Error: EACCES: permission denied, open '/opt/postman/Postman-1686760521768.tar.gz'"},"updateData":{"packageName":"Postman","eID":"Postman-1686760521768","downloadURL":"https://dl.pstmn.io/download/version/10.15.0/linux_64","downloadDirectory":"/opt/postman","downloadInfo":{"status":"DOWNLOAD_ERROR","error":{"errno":-13,"code":"EACCES","syscall":"open","path":"/opt/postman/Postman-1686760521768.tar.gz"},"downloadDirectory":"/opt/postman"}}}}]
[25481][1686760522641][main][info]["VersionDependencyService: Resetting UI version as user logged out/switched account"]
[25481][1686760522641][main][info]["Main - model-events~user - (users, add) received"]
[25481][1686760522928][main][warn]["AuthHandler~open: Current app is not default protocol client - Falling back to polling mechanism."]
[25481][1686760539040][main][info]["Shell~init~loginUser: associating the user ","25466045"," with transit partition"]
[25481][1686760539063][main][info]["userPartitionService~associateTransitPartition: ",{"partitionId":"b089a84e-1f73-4442-85fb-7729ddc31f1c","context":{"namespace":"users","userId":"25466045","teamId":"4618362"}}]
[25481][1686760539074][main][info]["userPartitionService: State of v8 partition system:"]
[25481][1686760539077][main][info]["userPartitionService: List of partitions:",[{"partitionId":"b089a84e-1f73-4442-85fb-7729ddc31f1c","namespace":"users","userId":"25466045","teamId":"4618362","lastUpdated":"2023-06-14T16:35:39.063Z"},{"partitionId":"c3b6fdd3-dec0-4e2f-9aa4-5cce6aa6713b","namespace":"scratchPad","userId":0,"teamId":0,"isDirty":false}]]
[25481][1686760539077][main][info]["userPartitionService: users global meta:",{}]
[25481][1686760541524][main][info]["Main - model-events~user - (user, update) received"]
[25481][1686760541524][main][info]["Main~reload: https://desktop.postman.com/?desktopVersion=10.14.2&userId=25466045&teamId=4618362"]
[25481][1686760543397][main][info]["Main - model-events~user - (user, update) received"]
[25481][1686760543640][main][info]["UpdateHandler~app-update-events - Received event",{"name":"checkForElectronVersionUpdated","namespace":"appUpdate"}]
[25481][1686760543652][main][info]["windowManager: First requester booted successfully."]
[25481][1686760543652][main][info]["windowManager~restoreWindows: Restoring requester windows"]
[25481][1686760543652][main][info]["Main~AppEvents - Received booted event for process requester.Version 10.14.9 UI Version: 10.14.9-ui-230606-0439 Desktop Platform Version: 10.14.2"]
[25481][1686760544177][main][info]["Main~getPlatformLaunchPerfMetrics"]
[25481][1686760544372][main][info]["Main - model-events~user - (user, bootstrapUser) received"]
[25481][1686760544373][main][info]["model-events~user - bootstrapUser received"]
[25481][1686760544956][main][info]["Main - model-events~user - (user, bootstrapUser) received"]
[25481][1686760544956][main][info]["model-events~user - bootstrapUser received"]
[25481][1686766401568][main][info]["WindowManager~closeHandler - Closed Window (id: 4 )"]
[25481][1686766401615][main][info]["Quitting app"]
[11080][1686785412056][main][info]["Booting Postman 10.14.2, linux-6.3.7-arch1-1 on x64"]
[11080][1686785412059][main][info]["EventBus~initialize - Success"]
[11080][1686785412060][main][info]["Proxy configuration has not been setup"]
[11080][1686785412061][main][info]["CloudProxyManager~init - Success"]
[11080][1686785412076][main][info]["performShellDataMigration: Migration has already been done. Bailing out"]
[11080][1686785412083][main][info]["UpdateHandler~init - Success"]
[11080][1686785412084][main][info]["LeaderSelection: Initialized successfully"]
[11080][1686785412085][main][info]["VersionDependencyService: Initialized successfully"]
[11080][1686785412090][main][info]["LinuxAutoUpdater~Cleanup - Initial cleanup successful"]
[11080][1686785413233][main][info]["GPU detected VID 4098 DID 5688 ACTIVE true"]
[11080][1686785413233][main][info]["GPU detected VID 4318 DID 9568 ACTIVE false"]
[11080][1686785413251][main][info]["shellController~init: Success"]
[11080][1686785413259][main][info]["shellMeta~init: Success"]
[11080][1686785413259][main][info]["partitionMigrationService: State of V7 partition:"]
[11080][1686785413259][main][info]["partitionMigrationService: V7 partitions",[]]
[11080][1686785413259][main][info]["partitionMigrationService~rectifyNamespaceOfScratchPadPartition: There is no partition with scratchpad namespace"]
[11080][1686785413260][main][info]["partitionMigrationService~rectifyNamespaceOfScratchPadPartition: There is no transit partition which could have been used for scratchpad"]
[11080][1686785413260][main][info]["partitionMigrationService~init: Success"]
[11080][1686785413269][main][info]["partitionMigrationService~runV8PartitionsIntegrity: Two way migration~ removing the following partitions from v8",[]]
[11080][1686785413273][main][info]["userPartitionService~getRecentV8UserPartition: recent v8 user context partition ","b089a84e-1f73-4442-85fb-7729ddc31f1c"]
[11080][1686785413273][main][info]["userPartitionService~_rectifyTheActivePartitionOfApplication: Setting the active partition to ","b089a84e-1f73-4442-85fb-7729ddc31f1c"]
[11080][1686785413280][main][info]["userPartitionService~init: Success"]
[11080][1686785413291][main][info]["userPartitionService: State of v8 partition system:"]
[11080][1686785413294][main][info]["shell~init~getPartitionToLoad: loading active partition"]
[11080][1686785413295][main][info]["userPartitionService: List of partitions:",[{"partitionId":"b089a84e-1f73-4442-85fb-7729ddc31f1c","namespace":"users","userId":"25466045","teamId":"4618362","lastUpdated":"2023-06-14T16:35:39.063Z"},{"partitionId":"c3b6fdd3-dec0-4e2f-9aa4-5cce6aa6713b","namespace":"scratchPad","userId":0,"teamId":0,"isDirty":false}]]
[11080][1686785413296][main][info]["userPartitionService: users global meta:",{}]
[11080][1686785415136][main][info]["RuntimeIPCAgent~started: Success"]
[11080][1686785415374][main][info]["UpdateHandler~app-update-events - Received event",{"name":"checkForElectronVersionUpdated","namespace":"appUpdate"}]
[11080][1686785415387][main][info]["windowManager: First requester booted successfully."]
[11080][1686785415387][main][info]["windowManager~restoreWindows: Restoring requester windows"]
[11080][1686785415387][main][info]["Main~AppEvents - Received booted event for process requester.Version 10.14.9 UI Version: 10.14.9-ui-230606-0439 Desktop Platform Version: 10.14.2"]
[11080][1686785415820][main][info]["Main~getPlatformLaunchPerfMetrics"]
[11080][1686785417225][main][info]["Main - model-events~user - (user, bootstrapUser) received"]
[11080][1686785417225][main][info]["model-events~user - bootstrapUser received"]
[11080][1686785417235][main][info]["userPartitionService~associateTransitPartition: ",{"partitionId":"b089a84e-1f73-4442-85fb-7729ddc31f1c","context":{"namespace":"users","userId":"25466045","teamId":"4618362"}}]
[11080][1686785417249][main][info]["userPartitionService: State of v8 partition system:"]
[11080][1686785417251][main][info]["userPartitionService: List of partitions:",[{"partitionId":"b089a84e-1f73-4442-85fb-7729ddc31f1c","namespace":"users","userId":"25466045","teamId":"4618362","lastUpdated":"2023-06-14T23:30:17.235Z"},{"partitionId":"c3b6fdd3-dec0-4e2f-9aa4-5cce6aa6713b","namespace":"scratchPad","userId":0,"teamId":0,"isDirty":false}]]
[11080][1686785417252][main][info]["userPartitionService: users global meta:",{}]
[11080][1686785691495][main][info]["WindowManager~closeHandler - Closed Window (id: 1 )"]
[11080][1686785691534][main][info]["Quitting app"]
[6693][1686996372756][main][info]["Booting Postman 10.14.2, linux-6.3.8-arch1-1 on x64"]
[6693][1686996372759][main][info]["EventBus~initialize - Success"]
[6693][1686996372761][main][info]["Proxy configuration has not been setup"]
[6693][1686996372761][main][info]["CloudProxyManager~init - Success"]
[6693][1686996372778][main][info]["performShellDataMigration: Migration has already been done. Bailing out"]
[6693][1686996372785][main][info]["UpdateHandler~init - Success"]
[6693][1686996372786][main][info]["LeaderSelection: Initialized successfully"]
[6693][1686996372787][main][info]["VersionDependencyService: Initialized successfully"]
[6693][1686996372794][main][info]["LinuxAutoUpdater~Cleanup - Initial cleanup successful"]
[6693][1686996372809][main][info]["GPU detected VID 4098 DID 5688 ACTIVE true"]
[6693][1686996372809][main][info]["GPU detected VID 4318 DID 9568 ACTIVE false"]
[6693][1686996372831][main][info]["shellController~init: Success"]
[6693][1686996372836][main][info]["shellMeta~init: Success"]
[6693][1686996372836][main][info]["partitionMigrationService: State of V7 partition:"]
[6693][1686996372836][main][info]["partitionMigrationService: V7 partitions",[]]
[6693][1686996372837][main][info]["partitionMigrationService~rectifyNamespaceOfScratchPadPartition: There is no partition with scratchpad namespace"]
[6693][1686996372837][main][info]["partitionMigrationService~rectifyNamespaceOfScratchPadPartition: There is no transit partition which could have been used for scratchpad"]
[6693][1686996372837][main][info]["partitionMigrationService~init: Success"]
[6693][1686996372848][main][info]["partitionMigrationService~runV8PartitionsIntegrity: Two way migration~ removing the following partitions from v8",[]]
[6693][1686996372853][main][info]["userPartitionService~getRecentV8UserPartition: recent v8 user context partition ","b089a84e-1f73-4442-85fb-7729ddc31f1c"]
[6693][1686996372853][main][info]["userPartitionService~_rectifyTheActivePartitionOfApplication: Setting the active partition to ","b089a84e-1f73-4442-85fb-7729ddc31f1c"]
[6693][1686996372860][main][info]["userPartitionService~init: Success"]
[6693][1686996372872][main][info]["userPartitionService: State of v8 partition system:"]
[6693][1686996372875][main][info]["shell~init~getPartitionToLoad: loading active partition"]
[6693][1686996372877][main][info]["userPartitionService: List of partitions:",[{"partitionId":"b089a84e-1f73-4442-85fb-7729ddc31f1c","namespace":"users","userId":"25466045","teamId":"4618362","lastUpdated":"2023-06-14T23:30:17.235Z"},{"partitionId":"c3b6fdd3-dec0-4e2f-9aa4-5cce6aa6713b","namespace":"scratchPad","userId":0,"teamId":0,"isDirty":false}]]
[6693][1686996372877][main][info]["userPartitionService: users global meta:",{}]
[6693][1686996374785][main][info]["RuntimeIPCAgent~started: Success"]
[6693][1686996375039][main][info]["UpdateHandler~app-update-events - Received event",{"name":"checkForElectronVersionUpdated","namespace":"appUpdate"}]
[6693][1686996375052][main][info]["windowManager: First requester booted successfully."]
[6693][1686996375053][main][info]["windowManager~restoreWindows: Restoring requester windows"]
[6693][1686996375053][main][info]["Main~AppEvents - Received booted event for process requester.Version 10.14.9 UI Version: 10.14.9-ui-230606-0439 Desktop Platform Version: 10.14.2"]
[6693][1686996375470][main][info]["Main~getPlatformLaunchPerfMetrics"]
[6693][1686996376037][main][info]["Main - model-events~user - (user, bootstrapUser) received"]
[6693][1686996376037][main][info]["model-events~user - bootstrapUser received"]
[6693][1686996376048][main][info]["userPartitionService~associateTransitPartition: ",{"partitionId":"b089a84e-1f73-4442-85fb-7729ddc31f1c","context":{"namespace":"users","userId":"25466045","teamId":"4618362"}}]
[6693][1686996376064][main][info]["userPartitionService: State of v8 partition system:"]
[6693][1686996376067][main][info]["userPartitionService: List of partitions:",[{"partitionId":"b089a84e-1f73-4442-85fb-7729ddc31f1c","namespace":"users","userId":"25466045","teamId":"4618362","lastUpdated":"2023-06-17T10:06:16.048Z"},{"partitionId":"c3b6fdd3-dec0-4e2f-9aa4-5cce6aa6713b","namespace":"scratchPad","userId":0,"teamId":0,"isDirty":false}]]
[6693][1686996376068][main][info]["userPartitionService: users global meta:",{}]
[6693][1686996386711][main][info]["UpdateHandler~app-update-events - Received event",{"name":"updateElectron","namespace":"appUpdate","data":{"channel":"stable","version":"10.14.2","downloadVersion":"10.15.0","appId":"2716938c-a637-4dcd-8ee8-9ea014cc1b28","userAgent":"Mozilla/5.0 (X11; Linux x86_64) AppleWebKit/537.36 (KHTML, like Gecko) Postman/10.14.2 Chrome/100.0.4896.160 Electron/18.3.5 Safari/537.36","platform":"LINUX","arch":"64","downloadURL":"https://dl.pstmn.io/download/version/10.15.0/linux_64","updateServerDomain":"https://dl.pstmn.io/","additionalParamsString":"installationId=2716938c-a637-4dcd-8ee8-9ea014cc1b28&userId=25466045&syncEnabled=true&teamPlan=sync-free-3-trial&teamId=4618362","userId":"25466045"}}]
[6693][1686996386712][main][info]["LinuxUpdater~downloadUpdate - UpdateInfo received",{"channel":"stable","version":"10.14.2","downloadVersion":"10.15.0","appId":"2716938c-a637-4dcd-8ee8-9ea014cc1b28","userAgent":"Mozilla/5.0 (X11; Linux x86_64) AppleWebKit/537.36 (KHTML, like Gecko) Postman/10.14.2 Chrome/100.0.4896.160 Electron/18.3.5 Safari/537.36","platform":"LINUX","arch":"64","downloadURL":"https://dl.pstmn.io/download/version/10.15.0/linux_64","updateServerDomain":"https://dl.pstmn.io/","additionalParamsString":"installationId=2716938c-a637-4dcd-8ee8-9ea014cc1b28&userId=25466045&syncEnabled=true&teamPlan=sync-free-3-trial&teamId=4618362","userId":"25466045"}]
[6693][1686996386762][main][info]["@postman/app-updater: error",{"errno":-13,"code":"EACCES","syscall":"open","path":"/opt/postman/Postman-1686996386712.tar.gz","name":"Error","message":"EACCES: permission denied, open '/opt/postman/Postman-1686996386712.tar.gz'","stack":"Error: EACCES: permission denied, open '/opt/postman/Postman-1686996386712.tar.gz'"},{"packageName":"Postman","eID":"Postman-1686996386712","downloadURL":"https://dl.pstmn.io/download/version/10.15.0/linux_64","downloadDirectory":"/opt/postman","downloadInfo":{"status":"DOWNLOAD_ERROR","error":{"errno":-13,"code":"EACCES","syscall":"open","path":"/opt/postman/Postman-1686996386712.tar.gz"},"downloadDirectory":"/opt/postman"}}]
[6693][1686996386762][main][info]["UpdateHandler~app-update-events - Received event",{"name":"electronAppUpdateError","namespace":"appUpdate","data":{"error":{"errno":-13,"code":"EACCES","syscall":"open","path":"/opt/postman/Postman-1686996386712.tar.gz","name":"Error","message":"EACCES: permission denied, open '/opt/postman/Postman-1686996386712.tar.gz'","stack":"Error: EACCES: permission denied, open '/opt/postman/Postman-1686996386712.tar.gz'"},"updateData":{"packageName":"Postman","eID":"Postman-1686996386712","downloadURL":"https://dl.pstmn.io/download/version/10.15.0/linux_64","downloadDirectory":"/opt/postman","downloadInfo":{"status":"DOWNLOAD_ERROR","error":{"errno":-13,"code":"EACCES","syscall":"open","path":"/opt/postman/Postman-1686996386712.tar.gz"},"downloadDirectory":"/opt/postman"}}}}]
[6693][1687024857020][main][info]["WindowManager~closeHandler - Closed Window (id: 1 )"]
[6693][1687024857065][main][info]["Quitting app"]
