2023-04-06 11:17:36.115 [info] Log level: Info
2023-04-06 11:17:36.115 [info] Validating found git in: "git"
2023-04-06 11:17:36.115 [info] Using git "" from "git"
2023-04-06 11:17:36.115 [info] > git rev-parse --show-toplevel [7ms]
2023-04-06 11:17:36.115 [info] fatal: not a git repository (or any of the parent directories): .git
2023-04-06 11:17:36.116 [info] > git rev-parse --show-toplevel [5ms]
2023-04-06 11:17:36.116 [info] fatal: not a git repository (or any of the parent directories): .git
2023-04-06 11:17:36.131 [info] > git rev-parse --show-toplevel [10ms]
2023-04-06 11:17:36.131 [info] fatal: not a git repository (or any of the parent directories): .git
2023-04-06 11:17:50.643 [info] > git rev-parse --show-toplevel [4ms]
2023-04-06 11:17:50.643 [info] fatal: not a git repository (or any of the parent directories): .git
2023-04-06 11:18:12.188 [info] > git rev-parse --show-toplevel [4ms]
2023-04-06 11:18:12.188 [info] fatal: not a git repository (or any of the parent directories): .git
2023-04-06 11:18:23.059 [info] > git rev-parse --show-toplevel [5ms]
2023-04-06 11:18:23.059 [info] fatal: not a git repository (or any of the parent directories): .git
2023-04-06 11:18:34.982 [info] > git rev-parse --show-toplevel [4ms]
2023-04-06 11:18:34.982 [info] fatal: not a git repository (or any of the parent directories): .git
2023-04-06 11:20:48.001 [info] > git rev-parse --show-toplevel [2ms]
2023-04-06 11:20:48.001 [info] fatal: not a git repository (or any of the parent directories): .git
2023-04-06 11:21:01.393 [info] > git rev-parse --show-toplevel [3ms]
2023-04-06 11:21:01.393 [info] fatal: not a git repository (or any of the parent directories): .git
