2023-04-06 11:17:35.263 [error] Extension 'ms-python.python CANNOT USE these API proposals 'contribEditorContentMenu, quickPickSortByLabel, envShellEvent, testObserver'. You MUST start in extension development mode or use the --enable-proposed-api command line flag
2023-04-06 11:17:35.264 [error] Extension 'ms-toolsai.jupyter' wants API proposal 'notebookControllerKind' but that proposal DOES NOT EXIST. Likely, the proposal has been finalized (check 'vscode.d.ts') or was abandoned.
2023-04-06 11:17:35.264 [error] Extension 'ms-toolsai.jupyter CANNOT USE these API proposals 'notebookDeprecated, notebookMessaging, notebookMime, notebookCellExecutionState, portsAttributes, quickPickSortByLabel, notebookKernelSource, interactiveWindow, notebookControllerAffinityHidden, quickPickItemTooltip'. You MUST start in extension development mode or use the --enable-proposed-api command line flag
2023-04-06 11:17:35.264 [error] Extension 'ms-toolsai.jupyter-renderers CANNOT USE these API proposals 'contribNotebookStaticPreloads'. You MUST start in extension development mode or use the --enable-proposed-api command line flag
2023-04-06 11:17:35.275 [warning] [twxs.cmake]: Cannot register 'cmake.cmakePath'. This property is already registered.
2023-04-06 11:17:35.307 [error] [ms-python.python]: editor/content is a proposed menu identifier. It requires 'package.json#enabledApiProposals: ["contribEditorContentMenu"]' and is only available when running out of dev or with the following command line switch: --enable-proposed-api ms-python.python
2023-04-06 11:17:35.307 [error] [ms-toolsai.jupyter]: notebook/kernelSource is a proposed menu identifier. It requires 'package.json#enabledApiProposals: ["notebookKernelSource"]' and is only available when running out of dev or with the following command line switch: --enable-proposed-api ms-toolsai.jupyter
2023-04-06 11:17:37.031 [error] ENOENT: no such file or directory, open '/home/arturl/.config/Code - OSS/User/globalStorage/vscodevim.vim/.registers': Error: ENOENT: no such file or directory, open '/home/arturl/.config/Code - OSS/User/globalStorage/vscodevim.vim/.registers'
2023-04-06 11:17:38.359 [info] [perf] Render performance baseline is 124ms
2023-04-06 11:17:44.750 [error] Could not find category with ID: Setup: Error: Could not find category with ID: Setup
    at vscode-file://vscode-app/usr/lib/code/out/vs/workbench/workbench.desktop.main.js:2548:53844
    at g.invoke (vscode-file://vscode-app/usr/lib/code/out/vs/workbench/workbench.desktop.main.js:86:145)
    at o.deliver (vscode-file://vscode-app/usr/lib/code/out/vs/workbench/workbench.desktop.main.js:86:2121)
    at l.fire (vscode-file://vscode-app/usr/lib/code/out/vs/workbench/workbench.desktop.main.js:86:1729)
    at B.progressStep (vscode-file://vscode-app/usr/lib/code/out/vs/workbench/workbench.desktop.main.js:1896:27216)
    at vscode-file://vscode-app/usr/lib/code/out/vs/workbench/workbench.desktop.main.js:1896:27411
    at Set.forEach (<anonymous>)
    at B.progressByEvent (vscode-file://vscode-app/usr/lib/code/out/vs/workbench/workbench.desktop.main.js:1896:27395)
    at vscode-file://vscode-app/usr/lib/code/out/vs/workbench/workbench.desktop.main.js:1896:22015
    at g.invoke (vscode-file://vscode-app/usr/lib/code/out/vs/workbench/workbench.desktop.main.js:86:145)
    at o.deliver (vscode-file://vscode-app/usr/lib/code/out/vs/workbench/workbench.desktop.main.js:86:2121)
    at l.fire (vscode-file://vscode-app/usr/lib/code/out/vs/workbench/workbench.desktop.main.js:86:1729)
    at w.k (vscode-file://vscode-app/usr/lib/code/out/vs/workbench/workbench.desktop.main.js:1570:13520)
    at w.executeCommand (vscode-file://vscode-app/usr/lib/code/out/vs/workbench/workbench.desktop.main.js:1570:13037)
    at Hs.J (vscode-file://vscode-app/usr/lib/code/out/vs/workbench/workbench.desktop.main.js:619:6711)
    at Hs.H (vscode-file://vscode-app/usr/lib/code/out/vs/workbench/workbench.desktop.main.js:619:4841)
    at vscode-file://vscode-app/usr/lib/code/out/vs/workbench/workbench.desktop.main.js:2297:90263
2023-04-06 11:17:44.750 [error] Could not find category with ID: SetupWeb: Error: Could not find category with ID: SetupWeb
    at vscode-file://vscode-app/usr/lib/code/out/vs/workbench/workbench.desktop.main.js:2548:53844
    at g.invoke (vscode-file://vscode-app/usr/lib/code/out/vs/workbench/workbench.desktop.main.js:86:145)
    at o.deliver (vscode-file://vscode-app/usr/lib/code/out/vs/workbench/workbench.desktop.main.js:86:2121)
    at l.fire (vscode-file://vscode-app/usr/lib/code/out/vs/workbench/workbench.desktop.main.js:86:1729)
    at B.progressStep (vscode-file://vscode-app/usr/lib/code/out/vs/workbench/workbench.desktop.main.js:1896:27216)
    at vscode-file://vscode-app/usr/lib/code/out/vs/workbench/workbench.desktop.main.js:1896:27411
    at Set.forEach (<anonymous>)
    at B.progressByEvent (vscode-file://vscode-app/usr/lib/code/out/vs/workbench/workbench.desktop.main.js:1896:27395)
    at vscode-file://vscode-app/usr/lib/code/out/vs/workbench/workbench.desktop.main.js:1896:22015
    at g.invoke (vscode-file://vscode-app/usr/lib/code/out/vs/workbench/workbench.desktop.main.js:86:145)
    at o.deliver (vscode-file://vscode-app/usr/lib/code/out/vs/workbench/workbench.desktop.main.js:86:2121)
    at l.fire (vscode-file://vscode-app/usr/lib/code/out/vs/workbench/workbench.desktop.main.js:86:1729)
    at w.k (vscode-file://vscode-app/usr/lib/code/out/vs/workbench/workbench.desktop.main.js:1570:13520)
    at w.executeCommand (vscode-file://vscode-app/usr/lib/code/out/vs/workbench/workbench.desktop.main.js:1570:13037)
    at Hs.J (vscode-file://vscode-app/usr/lib/code/out/vs/workbench/workbench.desktop.main.js:619:6711)
    at Hs.H (vscode-file://vscode-app/usr/lib/code/out/vs/workbench/workbench.desktop.main.js:619:4841)
    at vscode-file://vscode-app/usr/lib/code/out/vs/workbench/workbench.desktop.main.js:2297:90263
