2023-04-06 11:04:21.166 [info] Added views:workbench.panel.markers.view in workbench.panel.markers
2023-04-06 11:04:21.167 [info] Added views:workbench.panel.output in workbench.panel.output
2023-04-06 11:04:21.167 [info] Added views:terminal in terminal
2023-04-06 11:04:21.167 [info] Added views:outline in workbench.view.explorer
2023-04-06 11:04:21.167 [info] Added views:workbench.scm in workbench.view.scm
2023-04-06 11:04:21.167 [info] Added views:workbench.view.search in workbench.view.search
2023-04-06 11:04:21.167 [info] Added views:timeline in workbench.view.explorer
2023-04-06 11:04:21.167 [info] Added views:workbench.explorer.fileView in workbench.view.explorer
2023-04-06 11:04:21.363 [info] Added views:workbench.debug.variablesView,workbench.debug.watchExpressionsView,workbench.debug.callStackView,workbench.debug.breakPointsView in workbench.view.debug
2023-04-06 11:04:21.727 [info] Added views:workbench.panel.repl.view in workbench.panel.repl
2023-04-06 11:04:21.728 [info] Removed views:workbench.debug.breakPointsView,workbench.debug.callStackView,workbench.debug.watchExpressionsView,workbench.debug.variablesView from workbench.view.debug
2023-04-06 11:04:21.729 [info] Added views:workbench.debug.welcome in workbench.view.debug
2023-04-06 11:04:42.345 [info] Added views:workbench.views.extensions.installed,workbench.views.extensions.popular,extensions.recommendedList in workbench.view.extensions
2023-04-06 11:04:42.347 [info] Removed views:workbench.views.extensions.popular from workbench.view.extensions
2023-04-06 11:04:42.552 [info] Added views:workbench.views.extensions.popular in workbench.view.extensions
2023-04-06 11:04:50.152 [info] Removed views:extensions.recommendedList,workbench.views.extensions.popular,workbench.views.extensions.installed from workbench.view.extensions
2023-04-06 11:04:50.171 [info] Added views:workbench.views.extensions.marketplace in workbench.view.extensions
2023-04-06 11:05:01.789 [info] Added views:workbench.panel.markers.view in workbench.panel.markers
2023-04-06 11:05:01.789 [info] Added views:workbench.panel.output in workbench.panel.output
2023-04-06 11:05:01.789 [info] Added views:terminal in terminal
2023-04-06 11:05:01.789 [info] Added views:outline in workbench.view.explorer
2023-04-06 11:05:01.789 [info] Added views:workbench.scm in workbench.view.scm
2023-04-06 11:05:01.789 [info] Added views:workbench.view.search in workbench.view.search
2023-04-06 11:05:01.789 [info] Added views:timeline in workbench.view.explorer
2023-04-06 11:05:01.790 [info] Added views:workbench.explorer.fileView in workbench.view.explorer
2023-04-06 11:05:02.027 [info] Added views:workbench.debug.welcome in workbench.view.debug
2023-04-06 11:05:02.129 [info] Added views:workbench.views.extensions.installed,workbench.views.extensions.popular,extensions.recommendedList in workbench.view.extensions
2023-04-06 11:05:02.133 [info] Added views:workbench.panel.repl.view in workbench.panel.repl
2023-04-06 11:05:11.680 [info] Removed views:extensions.recommendedList,workbench.views.extensions.popular,workbench.views.extensions.installed from workbench.view.extensions
2023-04-06 11:05:11.694 [info] Added views:workbench.views.extensions.marketplace in workbench.view.extensions
2023-04-06 11:05:24.323 [info] Removed views:workbench.views.extensions.marketplace from workbench.view.extensions
2023-04-06 11:05:24.331 [info] Added views:workbench.views.extensions.installed,workbench.views.extensions.popular,extensions.recommendedList in workbench.view.extensions
2023-04-06 11:05:25.588 [info] Removed views:extensions.recommendedList,workbench.views.extensions.popular,workbench.views.extensions.installed from workbench.view.extensions
2023-04-06 11:05:25.604 [info] Added views:workbench.views.extensions.marketplace in workbench.view.extensions
2023-04-06 11:05:32.477 [info] Removed views:workbench.views.extensions.marketplace from workbench.view.extensions
2023-04-06 11:05:32.489 [info] Added views:workbench.views.extensions.installed,workbench.views.extensions.popular,extensions.recommendedList in workbench.view.extensions
2023-04-06 11:05:34.669 [info] Removed views:extensions.recommendedList,workbench.views.extensions.popular,workbench.views.extensions.installed from workbench.view.extensions
2023-04-06 11:05:34.684 [info] Added views:workbench.views.extensions.marketplace in workbench.view.extensions
2023-04-06 11:06:21.755 [info] Removed views:workbench.views.extensions.marketplace from workbench.view.extensions
2023-04-06 11:06:21.762 [info] Added views:workbench.views.extensions.installed,workbench.views.extensions.popular,extensions.recommendedList in workbench.view.extensions
2023-04-06 11:06:23.498 [info] Removed views:extensions.recommendedList,workbench.views.extensions.popular,workbench.views.extensions.installed from workbench.view.extensions
2023-04-06 11:06:23.516 [info] Added views:workbench.views.extensions.marketplace in workbench.view.extensions
2023-04-06 11:06:40.883 [info] Removed views:workbench.views.extensions.marketplace from workbench.view.extensions
2023-04-06 11:06:40.894 [info] Added views:workbench.views.extensions.installed,workbench.views.extensions.popular,extensions.recommendedList in workbench.view.extensions
2023-04-06 11:06:50.219 [info] Removed views:extensions.recommendedList,workbench.views.extensions.popular,workbench.views.extensions.installed from workbench.view.extensions
2023-04-06 11:06:50.245 [info] Added views:workbench.views.extensions.marketplace in workbench.view.extensions
2023-04-06 11:07:03.200 [info] Removed views:workbench.views.extensions.marketplace from workbench.view.extensions
2023-04-06 11:07:03.209 [info] Added views:workbench.views.extensions.installed,workbench.views.extensions.popular,extensions.recommendedList in workbench.view.extensions
2023-04-06 11:07:09.565 [info] Removed views:extensions.recommendedList,workbench.views.extensions.popular,workbench.views.extensions.installed from workbench.view.extensions
2023-04-06 11:07:09.599 [info] Added views:workbench.views.extensions.marketplace in workbench.view.extensions
2023-04-06 11:07:52.838 [info] Removed views:workbench.views.extensions.marketplace from workbench.view.extensions
2023-04-06 11:07:52.844 [info] Added views:workbench.views.extensions.installed,workbench.views.extensions.popular,extensions.recommendedList in workbench.view.extensions
2023-04-06 11:08:09.383 [info] Removed views:extensions.recommendedList,workbench.views.extensions.popular,workbench.views.extensions.installed from workbench.view.extensions
2023-04-06 11:08:09.416 [info] Added views:workbench.views.extensions.marketplace in workbench.view.extensions
