2023-04-06 11:17:36.105 [info] Configuration changed
2023-04-06 11:17:50.639 [info] Active editor: file:///home/arturl/dev/languages/ts_example/tsconfig.json
2023-04-06 11:18:02.702 [info] Searching for outdir
2023-04-06 11:18:12.185 [info] Active editor: file:///home/arturl/dev/languages/ts_example/package.json
2023-04-06 11:18:17.342 [info] Executing :w
2023-04-06 11:18:23.054 [info] Active editor: file:///home/arturl/dev/languages/ts_example/src/main.ts
2023-04-06 11:18:34.959 [info] /home/arturl/dev/languages/ts_example/.vscode/settings.json closed
2023-04-06 11:18:34.974 [info] Configuration changed
2023-04-06 11:18:54.002 [info] Active editor: file:///home/arturl/dev/languages/ts_example/src/main.ts
2023-04-06 11:20:34.530 [info] Executing :w
2023-04-06 11:20:35.203 [info] Executing :w
2023-04-06 11:20:47.999 [info] Active editor: file:///home/arturl/dev/languages/ts_example/package.json
2023-04-06 11:20:52.895 [info] Executing :w
2023-04-06 11:21:01.390 [info] Active editor: file:///home/arturl/dev/languages/ts_example/src/main.ts
2023-04-06 11:21:12.223 [info] /vscode-extensions closed
2023-04-06 11:21:12.272 [info] /settings/configurationDefaults closed
2023-04-06 11:21:12.370 [info] /settings/resourceLanguage closed
2023-04-06 11:21:12.407 [info] /launch closed
2023-04-06 11:21:12.407 [info] /token-styling closed
2023-04-06 11:21:12.407 [info] /textmate-colors closed
2023-04-06 11:21:12.407 [info] /workbench-colors closed
2023-04-06 11:21:14.935 [info] Executing :w
