2023-04-06 11:04:24.389 [info] Log level: Info
2023-04-06 11:04:24.389 [info] Validating found git in: "git"
2023-04-06 11:04:24.389 [info] Using git "2.40.0" from "git"
2023-04-06 11:04:24.389 [info] > git rev-parse --show-toplevel [3ms]
2023-04-06 11:04:24.395 [info] > git rev-parse --git-dir --git-common-dir [4ms]
2023-04-06 11:04:24.402 [info] Open repository: /home/arturl/dev/languages/rust_example
2023-04-06 11:04:24.410 [info] > git rev-parse --show-toplevel [4ms]
2023-04-06 11:04:24.413 [info] > git config --get commit.template [4ms]
2023-04-06 11:04:24.417 [info] No remotes found in the git config file.
2023-04-06 11:04:24.418 [info] > git rev-parse --show-toplevel [5ms]
2023-04-06 11:04:24.428 [info] > git for-each-ref --format=%(refname)%00%(upstream:short)%00%(objectname)%00%(upstream:track)%00%(upstream:remotename)%00%(upstream:remoteref) refs/heads/master refs/remotes/master [11ms]
2023-04-06 11:04:24.433 [info] > git status -z -uall [1ms]
2023-04-06 11:04:24.441 [info] > git config --get commit.template [0ms]
2023-04-06 11:04:24.443 [info] No remotes found in the git config file.
2023-04-06 11:04:24.444 [info] > git for-each-ref --format=%(refname)%00%(upstream:short)%00%(objectname)%00%(upstream:track)%00%(upstream:remotename)%00%(upstream:remoteref) refs/heads/master refs/remotes/master [1ms]
2023-04-06 11:04:24.448 [info] > git status -z -uall [1ms]
2023-04-06 11:04:24.924 [info] > git check-ignore -v -z --stdin [1ms]
2023-04-06 11:04:27.543 [info] > git check-ignore -v -z --stdin [1ms]
2023-04-06 11:04:28.214 [info] > git check-ignore -v -z --stdin [1ms]
2023-04-06 11:04:29.624 [info] > git show --textconv :src/main.rs [4ms]
2023-04-06 11:04:29.625 [info] > git ls-files --stage -- /home/arturl/dev/languages/rust_example/src/main.rs [1ms]
2023-04-06 11:05:02.226 [info] Log level: Info
2023-04-06 11:05:02.226 [info] Validating found git in: "git"
2023-04-06 11:05:02.226 [info] Using git "2.40.0" from "git"
2023-04-06 11:05:02.226 [info] > git rev-parse --show-toplevel [3ms]
2023-04-06 11:05:02.227 [info] > git rev-parse --git-dir --git-common-dir [0ms]
2023-04-06 11:05:02.231 [info] Open repository: /home/arturl/dev/languages/rust_example
2023-04-06 11:05:02.242 [info] > git rev-parse --show-toplevel [5ms]
2023-04-06 11:05:02.247 [info] > git config --get commit.template [6ms]
2023-04-06 11:05:02.259 [info] > git rev-parse --show-toplevel [13ms]
2023-04-06 11:05:02.265 [info] No remotes found in the git config file.
2023-04-06 11:05:02.265 [info] > git for-each-ref --format=%(refname)%00%(upstream:short)%00%(objectname)%00%(upstream:track)%00%(upstream:remotename)%00%(upstream:remoteref) refs/heads/master refs/remotes/master [1ms]
2023-04-06 11:05:02.274 [info] > git status -z -uall [4ms]
2023-04-06 11:05:02.284 [info] No remotes found in the git config file.
2023-04-06 11:05:02.285 [info] > git config --get commit.template [4ms]
2023-04-06 11:05:02.285 [info] > git for-each-ref --format=%(refname)%00%(upstream:short)%00%(objectname)%00%(upstream:track)%00%(upstream:remotename)%00%(upstream:remoteref) refs/heads/master refs/remotes/master [1ms]
2023-04-06 11:05:02.291 [info] > git status -z -uall [2ms]
2023-04-06 11:07:58.333 [info] > git check-ignore -v -z --stdin [1ms]
2023-04-06 11:07:59.173 [info] > git show --textconv :src/main.rs [3ms]
2023-04-06 11:07:59.174 [info] > git ls-files --stage -- /home/arturl/dev/languages/rust_example/src/main.rs [0ms]
2023-04-06 11:08:00.740 [info] No remotes found in the git config file.
2023-04-06 11:08:00.742 [info] > git config --get commit.template [4ms]
2023-04-06 11:08:00.742 [info] > git for-each-ref --format=%(refname)%00%(upstream:short)%00%(objectname)%00%(upstream:track)%00%(upstream:remotename)%00%(upstream:remoteref) refs/heads/master refs/remotes/master [2ms]
2023-04-06 11:08:00.747 [info] > git status -z -uall [0ms]
2023-04-06 11:08:53.842 [info] > git show --textconv :src/main.rs [4ms]
2023-04-06 11:08:53.843 [info] > git ls-files --stage -- /home/arturl/dev/languages/rust_example/src/main.rs [2ms]
