2023-04-06 11:35:36.311 [info] Log level: Info
2023-04-06 11:35:36.311 [info] Validating found git in: "git"
2023-04-06 11:35:36.311 [info] Using git "2.40.0" from "git"
2023-04-06 11:35:36.311 [info] > git rev-parse --show-toplevel [6ms]
2023-04-06 11:35:36.311 [info] fatal: not a git repository (or any of the parent directories): .git
2023-04-06 11:35:36.312 [info] > git rev-parse --show-toplevel [8ms]
2023-04-06 11:35:36.312 [info] fatal: not a git repository (or any of the parent directories): .git
2023-04-06 11:35:36.317 [info] > git rev-parse --show-toplevel [2ms]
2023-04-06 11:35:36.317 [info] fatal: not a git repository (or any of the parent directories): .git
2023-04-06 11:35:36.321 [info] > git rev-parse --show-toplevel [1ms]
2023-04-06 11:35:36.321 [info] fatal: not a git repository (or any of the parent directories): .git
2023-04-06 11:35:36.324 [info] > git rev-parse --show-toplevel [0ms]
2023-04-06 11:35:36.324 [info] fatal: not a git repository (or any of the parent directories): .git
2023-04-06 11:35:36.327 [info] > git rev-parse --show-toplevel [0ms]
2023-04-06 11:35:36.327 [info] fatal: not a git repository (or any of the parent directories): .git
2023-04-06 11:35:36.330 [info] > git rev-parse --show-toplevel [1ms]
2023-04-06 11:35:36.330 [info] fatal: not a git repository (or any of the parent directories): .git
2023-04-06 11:35:36.333 [info] > git rev-parse --show-toplevel [1ms]
2023-04-06 11:35:36.333 [info] fatal: not a git repository (or any of the parent directories): .git
2023-04-06 11:35:36.336 [info] > git rev-parse --show-toplevel [1ms]
2023-04-06 11:35:36.336 [info] fatal: not a git repository (or any of the parent directories): .git
2023-04-06 11:35:39.697 [info] > git rev-parse --show-toplevel [14ms]
2023-04-06 11:35:39.697 [info] fatal: not a git repository (or any of the parent directories): .git
2023-04-06 11:35:40.675 [info] > git rev-parse --show-toplevel [1ms]
2023-04-06 11:35:40.675 [info] fatal: not a git repository (or any of the parent directories): .git
