2023-04-07 10:10:34.552 [info] Extension host with pid 11144 started
2023-04-07 10:10:34.552 [info] Skipping acquiring lock for /home/arturl/.config/Code - OSS/User/workspaceStorage/edd29d4c4c2534428a607b8ef4c16445.
2023-04-07 10:10:34.614 [info] ExtensionService#_doActivateExtension vscode.git-base, startup: true, activationEvent: '*'
2023-04-07 10:10:34.614 [info] ExtensionService#_doActivateExtension vscodevim.vim, startup: true, activationEvent: '*'
2023-04-07 10:10:34.740 [info] ExtensionService#_doActivateExtension vscode.github, startup: true, activationEvent: '*'
2023-04-07 10:10:34.749 [info] Eager extensions activated
2023-04-07 10:10:34.753 [info] ExtensionService#_doActivateExtension vscode.debug-auto-launch, startup: false, activationEvent: 'onStartupFinished'
2023-04-07 10:10:34.754 [info] ExtensionService#_doActivateExtension vscode.merge-conflict, startup: false, activationEvent: 'onStartupFinished'
2023-04-07 10:10:38.422 [info] ExtensionService#_doActivateExtension vscode.git, startup: false, activationEvent: 'api', root cause: vscode.github
2023-04-07 10:10:42.416 [info] ExtensionService#_doActivateExtension ms-python.python, startup: false, activationEvent: 'onLanguage:python'
2023-04-07 10:10:42.416 [info] ExtensionService#_doActivateExtension ms-toolsai.jupyter, startup: false, activationEvent: 'onLanguage:python'
2023-04-07 10:10:42.416 [info] ExtensionService#_doActivateExtension vscode.emmet, startup: false, activationEvent: 'onLanguage'
2023-04-07 10:10:44.012 [error] Error: Extension 'ms-toolsai.jupyter' CANNOT use API proposal: notebookCellExecutionState.
Its package.json#enabledApiProposals-property declares:  but NOT notebookCellExecutionState.
 The missing proposal MUST be added and you must start in extension development mode or use the following command line switch: --enable-proposed-api ms-toolsai.jupyter
	at C (/usr/lib/code/out/vs/workbench/api/node/extensionHostProcess.js:94:44957)
	at Mc.onDidChangeNotebookCellExecutionState (/usr/lib/code/out/vs/workbench/api/node/extensionHostProcess.js:114:45108)
	at new PC (/home/arturl/.vscode-oss/extensions/ms-toolsai.jupyter-2023.3.100-universal/out/extension.node.js:24:433687)
	at f (/home/arturl/.vscode-oss/extensions/ms-toolsai.jupyter-2023.3.100-universal/out/extension.node.js:2:544291)
	at /home/arturl/.vscode-oss/extensions/ms-toolsai.jupyter-2023.3.100-universal/out/extension.node.js:2:546181
	at t.resolveInstance (/home/arturl/.vscode-oss/extensions/ms-toolsai.jupyter-2023.3.100-universal/out/extension.node.js:2:546208)
	at /home/arturl/.vscode-oss/extensions/ms-toolsai.jupyter-2023.3.100-universal/out/extension.node.js:2:549240
	at /home/arturl/.vscode-oss/extensions/ms-toolsai.jupyter-2023.3.100-universal/out/extension.node.js:2:549577
	at /home/arturl/.vscode-oss/extensions/ms-toolsai.jupyter-2023.3.100-universal/out/extension.node.js:2:548900
	at y (/home/arturl/.vscode-oss/extensions/ms-toolsai.jupyter-2023.3.100-universal/out/extension.node.js:2:548932)
	at /home/arturl/.vscode-oss/extensions/ms-toolsai.jupyter-2023.3.100-universal/out/extension.node.js:2:548794
	at /home/arturl/.vscode-oss/extensions/ms-toolsai.jupyter-2023.3.100-universal/out/extension.node.js:2:548728
	at Array.map (<anonymous>)
	at /home/arturl/.vscode-oss/extensions/ms-toolsai.jupyter-2023.3.100-universal/out/extension.node.js:2:548700
	at /home/arturl/.vscode-oss/extensions/ms-toolsai.jupyter-2023.3.100-universal/out/extension.node.js:2:545539
	at Array.reduce (<anonymous>)
	at /home/arturl/.vscode-oss/extensions/ms-toolsai.jupyter-2023.3.100-universal/out/extension.node.js:2:545511
	at /home/arturl/.vscode-oss/extensions/ms-toolsai.jupyter-2023.3.100-universal/out/extension.node.js:2:545838
	at t.resolveInstance (/home/arturl/.vscode-oss/extensions/ms-toolsai.jupyter-2023.3.100-universal/out/extension.node.js:2:546208)
	at /home/arturl/.vscode-oss/extensions/ms-toolsai.jupyter-2023.3.100-universal/out/extension.node.js:2:549240
	at /home/arturl/.vscode-oss/extensions/ms-toolsai.jupyter-2023.3.100-universal/out/extension.node.js:2:549577
	at /home/arturl/.vscode-oss/extensions/ms-toolsai.jupyter-2023.3.100-universal/out/extension.node.js:2:548900
	at y (/home/arturl/.vscode-oss/extensions/ms-toolsai.jupyter-2023.3.100-universal/out/extension.node.js:2:548932)
	at /home/arturl/.vscode-oss/extensions/ms-toolsai.jupyter-2023.3.100-universal/out/extension.node.js:2:548794
	at t.resolve (/home/arturl/.vscode-oss/extensions/ms-toolsai.jupyter-2023.3.100-universal/out/extension.node.js:2:550764)
	at /home/arturl/.vscode-oss/extensions/ms-toolsai.jupyter-2023.3.100-universal/out/extension.node.js:2:519737
	at e._get (/home/arturl/.vscode-oss/extensions/ms-toolsai.jupyter-2023.3.100-universal/out/extension.node.js:2:519106)
	at e._getButThrowIfAsync (/home/arturl/.vscode-oss/extensions/ms-toolsai.jupyter-2023.3.100-universal/out/extension.node.js:2:519166)
	at e.get (/home/arturl/.vscode-oss/extensions/ms-toolsai.jupyter-2023.3.100-universal/out/extension.node.js:2:514861)
	at Ly.get (/home/arturl/.vscode-oss/extensions/ms-toolsai.jupyter-2023.3.100-universal/out/extension.node.js:24:69994)
	at /home/arturl/.vscode-oss/extensions/ms-toolsai.jupyter-2023.3.100-universal/out/extension.node.js:24:552800
	at process.processTicksAndRejections (node:internal/process/task_queues:96:5)
2023-04-07 10:10:44.328 [error] Error: Extension 'ms-python.python' CANNOT use API proposal: testObserver.
Its package.json#enabledApiProposals-property declares:  but NOT testObserver.
 The missing proposal MUST be added and you must start in extension development mode or use the following command line switch: --enable-proposed-api ms-python.python
	at C (/usr/lib/code/out/vs/workbench/api/node/extensionHostProcess.js:94:44957)
	at get testResults [as testResults] (/usr/lib/code/out/vs/workbench/api/node/extensionHostProcess.js:114:26184)
	at E.activate (/home/arturl/.vscode-oss/extensions/ms-python.python-2023.6.0-universal/out/client/extension.js:2:791545)
	at /home/arturl/.vscode-oss/extensions/ms-python.python-2023.6.0-universal/out/client/extension.js:2:2386
	at Array.map (<anonymous>)
	at f.activateWorkspace (/home/arturl/.vscode-oss/extensions/ms-python.python-2023.6.0-universal/out/client/extension.js:2:2376)
	at process.processTicksAndRejections (node:internal/process/task_queues:96:5)
2023-04-07 10:17:23.233 [error] [ms-python.python] provider FAILED
2023-04-07 10:17:23.234 [error] Error: UnboundLocalError: local variable 'start_index' referenced before assignment
	at /home/arturl/.vscode-oss/extensions/ms-python.python-2023.6.0-universal/out/client/extension.js:2:2029883
	at /home/arturl/.vscode-oss/extensions/ms-python.python-2023.6.0-universal/out/client/extension.js:2:2030177
	at Immediate.<anonymous> (/home/arturl/.vscode-oss/extensions/ms-python.python-2023.6.0-universal/out/client/extension.js:2:2030539)
	at process.processImmediate (node:internal/timers:466:21)
2023-04-07 10:54:08.269 [error] [ms-python.python] provider FAILED
2023-04-07 10:54:08.269 [error] Error: UnboundLocalError: local variable 'start_index' referenced before assignment
	at /home/arturl/.vscode-oss/extensions/ms-python.python-2023.6.0-universal/out/client/extension.js:2:2029883
	at /home/arturl/.vscode-oss/extensions/ms-python.python-2023.6.0-universal/out/client/extension.js:2:2030177
	at Immediate.<anonymous> (/home/arturl/.vscode-oss/extensions/ms-python.python-2023.6.0-universal/out/client/extension.js:2:2030539)
	at process.processImmediate (node:internal/timers:466:21)
2023-04-07 10:54:09.295 [error] [ms-python.python] provider FAILED
2023-04-07 10:54:09.295 [error] Error: UnboundLocalError: local variable 'start_index' referenced before assignment
	at /home/arturl/.vscode-oss/extensions/ms-python.python-2023.6.0-universal/out/client/extension.js:2:2029883
	at /home/arturl/.vscode-oss/extensions/ms-python.python-2023.6.0-universal/out/client/extension.js:2:2030177
	at Immediate.<anonymous> (/home/arturl/.vscode-oss/extensions/ms-python.python-2023.6.0-universal/out/client/extension.js:2:2030539)
	at process.processImmediate (node:internal/timers:466:21)
2023-04-07 10:54:15.207 [error] [ms-python.python] provider FAILED
2023-04-07 10:54:15.207 [error] Error: UnboundLocalError: local variable 'start_index' referenced before assignment
	at /home/arturl/.vscode-oss/extensions/ms-python.python-2023.6.0-universal/out/client/extension.js:2:2029883
	at /home/arturl/.vscode-oss/extensions/ms-python.python-2023.6.0-universal/out/client/extension.js:2:2030177
	at Immediate.<anonymous> (/home/arturl/.vscode-oss/extensions/ms-python.python-2023.6.0-universal/out/client/extension.js:2:2030539)
	at process.processImmediate (node:internal/timers:466:21)
2023-04-07 10:54:17.233 [error] [ms-python.python] provider FAILED
2023-04-07 10:54:17.233 [error] Error: UnboundLocalError: local variable 'start_index' referenced before assignment
	at /home/arturl/.vscode-oss/extensions/ms-python.python-2023.6.0-universal/out/client/extension.js:2:2029883
	at /home/arturl/.vscode-oss/extensions/ms-python.python-2023.6.0-universal/out/client/extension.js:2:2030177
	at Immediate.<anonymous> (/home/arturl/.vscode-oss/extensions/ms-python.python-2023.6.0-universal/out/client/extension.js:2:2030539)
	at process.processImmediate (node:internal/timers:466:21)
2023-04-07 10:54:24.959 [error] [ms-python.python] provider FAILED
2023-04-07 10:54:24.959 [error] Error: UnboundLocalError: local variable 'start_index' referenced before assignment
	at /home/arturl/.vscode-oss/extensions/ms-python.python-2023.6.0-universal/out/client/extension.js:2:2029883
	at /home/arturl/.vscode-oss/extensions/ms-python.python-2023.6.0-universal/out/client/extension.js:2:2030177
	at Immediate.<anonymous> (/home/arturl/.vscode-oss/extensions/ms-python.python-2023.6.0-universal/out/client/extension.js:2:2030539)
	at process.processImmediate (node:internal/timers:466:21)
2023-04-07 10:54:31.564 [error] [ms-python.python] provider FAILED
2023-04-07 10:54:31.565 [error] Error: UnboundLocalError: local variable 'start_index' referenced before assignment
	at /home/arturl/.vscode-oss/extensions/ms-python.python-2023.6.0-universal/out/client/extension.js:2:2029883
	at /home/arturl/.vscode-oss/extensions/ms-python.python-2023.6.0-universal/out/client/extension.js:2:2030177
	at Immediate.<anonymous> (/home/arturl/.vscode-oss/extensions/ms-python.python-2023.6.0-universal/out/client/extension.js:2:2030539)
	at process.processImmediate (node:internal/timers:466:21)
2023-04-07 10:54:32.247 [error] [ms-python.python] provider FAILED
2023-04-07 10:54:32.247 [error] Error: UnboundLocalError: local variable 'start_index' referenced before assignment
	at /home/arturl/.vscode-oss/extensions/ms-python.python-2023.6.0-universal/out/client/extension.js:2:2029883
	at /home/arturl/.vscode-oss/extensions/ms-python.python-2023.6.0-universal/out/client/extension.js:2:2030177
	at Immediate.<anonymous> (/home/arturl/.vscode-oss/extensions/ms-python.python-2023.6.0-universal/out/client/extension.js:2:2030539)
	at process.processImmediate (node:internal/timers:466:21)
2023-04-07 10:54:32.995 [error] [ms-python.python] provider FAILED
2023-04-07 10:54:32.995 [error] Error: UnboundLocalError: local variable 'start_index' referenced before assignment
	at /home/arturl/.vscode-oss/extensions/ms-python.python-2023.6.0-universal/out/client/extension.js:2:2029883
	at /home/arturl/.vscode-oss/extensions/ms-python.python-2023.6.0-universal/out/client/extension.js:2:2030177
	at Immediate.<anonymous> (/home/arturl/.vscode-oss/extensions/ms-python.python-2023.6.0-universal/out/client/extension.js:2:2030539)
	at process.processImmediate (node:internal/timers:466:21)
2023-04-07 10:54:57.279 [error] [ms-python.python] provider FAILED
2023-04-07 10:54:57.279 [error] Error: UnboundLocalError: local variable 'start_index' referenced before assignment
	at /home/arturl/.vscode-oss/extensions/ms-python.python-2023.6.0-universal/out/client/extension.js:2:2029883
	at /home/arturl/.vscode-oss/extensions/ms-python.python-2023.6.0-universal/out/client/extension.js:2:2030177
	at Immediate.<anonymous> (/home/arturl/.vscode-oss/extensions/ms-python.python-2023.6.0-universal/out/client/extension.js:2:2030539)
	at process.processImmediate (node:internal/timers:466:21)
2023-04-07 10:54:58.534 [error] [ms-python.python] provider FAILED
2023-04-07 10:54:58.534 [error] Error: UnboundLocalError: local variable 'start_index' referenced before assignment
	at /home/arturl/.vscode-oss/extensions/ms-python.python-2023.6.0-universal/out/client/extension.js:2:2029883
	at /home/arturl/.vscode-oss/extensions/ms-python.python-2023.6.0-universal/out/client/extension.js:2:2030177
	at Immediate.<anonymous> (/home/arturl/.vscode-oss/extensions/ms-python.python-2023.6.0-universal/out/client/extension.js:2:2030539)
	at process.processImmediate (node:internal/timers:466:21)
2023-04-07 10:55:35.387 [error] [ms-python.python] provider FAILED
2023-04-07 10:55:35.387 [error] Error: UnboundLocalError: local variable 'start_index' referenced before assignment
	at /home/arturl/.vscode-oss/extensions/ms-python.python-2023.6.0-universal/out/client/extension.js:2:2029883
	at /home/arturl/.vscode-oss/extensions/ms-python.python-2023.6.0-universal/out/client/extension.js:2:2030177
	at Immediate.<anonymous> (/home/arturl/.vscode-oss/extensions/ms-python.python-2023.6.0-universal/out/client/extension.js:2:2030539)
	at process.processImmediate (node:internal/timers:466:21)
2023-04-07 11:04:49.726 [error] [ms-python.python] provider FAILED
2023-04-07 11:04:49.726 [error] Error: UnboundLocalError: local variable 'start_index' referenced before assignment
	at /home/arturl/.vscode-oss/extensions/ms-python.python-2023.6.0-universal/out/client/extension.js:2:2029883
	at /home/arturl/.vscode-oss/extensions/ms-python.python-2023.6.0-universal/out/client/extension.js:2:2030177
	at Immediate.<anonymous> (/home/arturl/.vscode-oss/extensions/ms-python.python-2023.6.0-universal/out/client/extension.js:2:2030539)
	at process.processImmediate (node:internal/timers:466:21)
2023-04-07 11:04:50.082 [error] [ms-python.python] provider FAILED
2023-04-07 11:04:50.082 [error] Error: UnboundLocalError: local variable 'start_index' referenced before assignment
	at /home/arturl/.vscode-oss/extensions/ms-python.python-2023.6.0-universal/out/client/extension.js:2:2029883
	at /home/arturl/.vscode-oss/extensions/ms-python.python-2023.6.0-universal/out/client/extension.js:2:2030177
	at Immediate.<anonymous> (/home/arturl/.vscode-oss/extensions/ms-python.python-2023.6.0-universal/out/client/extension.js:2:2030539)
	at process.processImmediate (node:internal/timers:466:21)
2023-04-07 11:04:52.052 [error] [ms-python.python] provider FAILED
2023-04-07 11:04:52.052 [error] Error: UnboundLocalError: local variable 'start_index' referenced before assignment
	at /home/arturl/.vscode-oss/extensions/ms-python.python-2023.6.0-universal/out/client/extension.js:2:2029883
	at /home/arturl/.vscode-oss/extensions/ms-python.python-2023.6.0-universal/out/client/extension.js:2:2030177
	at Immediate.<anonymous> (/home/arturl/.vscode-oss/extensions/ms-python.python-2023.6.0-universal/out/client/extension.js:2:2030539)
	at process.processImmediate (node:internal/timers:466:21)
2023-04-07 11:24:31.207 [error] [ms-python.python] provider FAILED
2023-04-07 11:24:31.207 [error] Error: ValueError: `column` parameter (1) is not in a valid range (0-0) for line 129 ('\n').
	at /home/arturl/.vscode-oss/extensions/ms-python.python-2023.6.0-universal/out/client/extension.js:2:2029883
	at /home/arturl/.vscode-oss/extensions/ms-python.python-2023.6.0-universal/out/client/extension.js:2:2030177
	at Immediate.<anonymous> (/home/arturl/.vscode-oss/extensions/ms-python.python-2023.6.0-universal/out/client/extension.js:2:2030539)
	at process.processImmediate (node:internal/timers:466:21)
2023-04-07 14:10:23.028 [error] [ms-python.python] provider FAILED
2023-04-07 14:10:23.028 [error] Error: UnboundLocalError: local variable 'start_index' referenced before assignment
	at /home/arturl/.vscode-oss/extensions/ms-python.python-2023.6.0-universal/out/client/extension.js:2:2029883
	at /home/arturl/.vscode-oss/extensions/ms-python.python-2023.6.0-universal/out/client/extension.js:2:2030177
	at Immediate.<anonymous> (/home/arturl/.vscode-oss/extensions/ms-python.python-2023.6.0-universal/out/client/extension.js:2:2030539)
	at process.processImmediate (node:internal/timers:466:21)
2023-04-07 14:11:03.857 [info] ExtensionService#_doActivateExtension vscode.configuration-editing, startup: false, activationEvent: 'onLanguage:jsonc'
2023-04-07 14:11:03.858 [info] ExtensionService#_doActivateExtension vscode.json-language-features, startup: false, activationEvent: 'onLanguage:jsonc'
2023-04-07 14:11:03.858 [info] ExtensionService#_doActivateExtension vscode.typescript-language-features, startup: false, activationEvent: 'onLanguage:jsonc'
2023-04-07 14:11:20.696 [error] [ms-python.python] provider FAILED
2023-04-07 14:11:20.696 [error] Error: UnboundLocalError: local variable 'start_index' referenced before assignment
	at /home/arturl/.vscode-oss/extensions/ms-python.python-2023.6.0-universal/out/client/extension.js:2:2029883
	at /home/arturl/.vscode-oss/extensions/ms-python.python-2023.6.0-universal/out/client/extension.js:2:2030177
	at Immediate.<anonymous> (/home/arturl/.vscode-oss/extensions/ms-python.python-2023.6.0-universal/out/client/extension.js:2:2030539)
	at process.processImmediate (node:internal/timers:466:21)
2023-04-07 14:11:21.860 [error] [ms-python.python] provider FAILED
2023-04-07 14:11:21.861 [error] Error: UnboundLocalError: local variable 'start_index' referenced before assignment
	at /home/arturl/.vscode-oss/extensions/ms-python.python-2023.6.0-universal/out/client/extension.js:2:2029883
	at /home/arturl/.vscode-oss/extensions/ms-python.python-2023.6.0-universal/out/client/extension.js:2:2030177
	at Immediate.<anonymous> (/home/arturl/.vscode-oss/extensions/ms-python.python-2023.6.0-universal/out/client/extension.js:2:2030539)
	at process.processImmediate (node:internal/timers:466:21)
2023-04-07 14:11:22.794 [error] [ms-python.python] provider FAILED
2023-04-07 14:11:22.794 [error] Error: UnboundLocalError: local variable 'start_index' referenced before assignment
	at /home/arturl/.vscode-oss/extensions/ms-python.python-2023.6.0-universal/out/client/extension.js:2:2029883
	at /home/arturl/.vscode-oss/extensions/ms-python.python-2023.6.0-universal/out/client/extension.js:2:2030177
	at Immediate.<anonymous> (/home/arturl/.vscode-oss/extensions/ms-python.python-2023.6.0-universal/out/client/extension.js:2:2030539)
	at process.processImmediate (node:internal/timers:466:21)
2023-04-07 14:25:05.223 [error] [ms-python.python] provider FAILED
2023-04-07 14:25:05.223 [error] Error: UnboundLocalError: local variable 'start_index' referenced before assignment
	at /home/arturl/.vscode-oss/extensions/ms-python.python-2023.6.0-universal/out/client/extension.js:2:2029883
	at /home/arturl/.vscode-oss/extensions/ms-python.python-2023.6.0-universal/out/client/extension.js:2:2030177
	at Immediate.<anonymous> (/home/arturl/.vscode-oss/extensions/ms-python.python-2023.6.0-universal/out/client/extension.js:2:2030539)
	at process.processImmediate (node:internal/timers:466:21)
2023-04-07 14:36:52.875 [error] [ms-python.python] provider FAILED
2023-04-07 14:36:52.875 [error] Error: UnboundLocalError: local variable 'start_index' referenced before assignment
	at /home/arturl/.vscode-oss/extensions/ms-python.python-2023.6.0-universal/out/client/extension.js:2:2029883
	at /home/arturl/.vscode-oss/extensions/ms-python.python-2023.6.0-universal/out/client/extension.js:2:2030177
	at Immediate.<anonymous> (/home/arturl/.vscode-oss/extensions/ms-python.python-2023.6.0-universal/out/client/extension.js:2:2030539)
	at process.processImmediate (node:internal/timers:466:21)
2023-04-07 14:36:53.217 [error] [ms-python.python] provider FAILED
2023-04-07 14:36:53.217 [error] Error: UnboundLocalError: local variable 'start_index' referenced before assignment
	at /home/arturl/.vscode-oss/extensions/ms-python.python-2023.6.0-universal/out/client/extension.js:2:2029883
	at /home/arturl/.vscode-oss/extensions/ms-python.python-2023.6.0-universal/out/client/extension.js:2:2030177
	at Immediate.<anonymous> (/home/arturl/.vscode-oss/extensions/ms-python.python-2023.6.0-universal/out/client/extension.js:2:2030539)
	at process.processImmediate (node:internal/timers:466:21)
2023-04-07 14:54:09.974 [error] [ms-python.python] provider FAILED
2023-04-07 14:54:09.975 [error] Error: UnboundLocalError: local variable 'start_index' referenced before assignment
	at /home/arturl/.vscode-oss/extensions/ms-python.python-2023.6.0-universal/out/client/extension.js:2:2029883
	at /home/arturl/.vscode-oss/extensions/ms-python.python-2023.6.0-universal/out/client/extension.js:2:2030177
	at Immediate.<anonymous> (/home/arturl/.vscode-oss/extensions/ms-python.python-2023.6.0-universal/out/client/extension.js:2:2030539)
	at process.processImmediate (node:internal/timers:466:21)
2023-04-07 14:54:12.427 [error] [ms-python.python] provider FAILED
2023-04-07 14:54:12.427 [error] Error: UnboundLocalError: local variable 'start_index' referenced before assignment
	at /home/arturl/.vscode-oss/extensions/ms-python.python-2023.6.0-universal/out/client/extension.js:2:2029883
	at /home/arturl/.vscode-oss/extensions/ms-python.python-2023.6.0-universal/out/client/extension.js:2:2030177
	at Immediate.<anonymous> (/home/arturl/.vscode-oss/extensions/ms-python.python-2023.6.0-universal/out/client/extension.js:2:2030539)
	at process.processImmediate (node:internal/timers:466:21)
2023-04-07 14:55:17.574 [error] [ms-python.python] provider FAILED
2023-04-07 14:55:17.574 [error] Error: UnboundLocalError: local variable 'start_index' referenced before assignment
	at /home/arturl/.vscode-oss/extensions/ms-python.python-2023.6.0-universal/out/client/extension.js:2:2029883
	at /home/arturl/.vscode-oss/extensions/ms-python.python-2023.6.0-universal/out/client/extension.js:2:2030177
	at Immediate.<anonymous> (/home/arturl/.vscode-oss/extensions/ms-python.python-2023.6.0-universal/out/client/extension.js:2:2030539)
	at process.processImmediate (node:internal/timers:466:21)
2023-04-07 14:55:19.156 [error] [ms-python.python] provider FAILED
2023-04-07 14:55:19.156 [error] Error: UnboundLocalError: local variable 'start_index' referenced before assignment
	at /home/arturl/.vscode-oss/extensions/ms-python.python-2023.6.0-universal/out/client/extension.js:2:2029883
	at /home/arturl/.vscode-oss/extensions/ms-python.python-2023.6.0-universal/out/client/extension.js:2:2030177
	at Immediate.<anonymous> (/home/arturl/.vscode-oss/extensions/ms-python.python-2023.6.0-universal/out/client/extension.js:2:2030539)
	at process.processImmediate (node:internal/timers:466:21)
2023-04-07 14:57:03.975 [error] [ms-python.python] provider FAILED
2023-04-07 14:57:03.975 [error] Error: UnboundLocalError: local variable 'start_index' referenced before assignment
	at /home/arturl/.vscode-oss/extensions/ms-python.python-2023.6.0-universal/out/client/extension.js:2:2029883
	at /home/arturl/.vscode-oss/extensions/ms-python.python-2023.6.0-universal/out/client/extension.js:2:2030177
	at Immediate.<anonymous> (/home/arturl/.vscode-oss/extensions/ms-python.python-2023.6.0-universal/out/client/extension.js:2:2030539)
	at process.processImmediate (node:internal/timers:466:21)
2023-04-07 14:57:04.678 [error] [ms-python.python] provider FAILED
2023-04-07 14:57:04.678 [error] Error: UnboundLocalError: local variable 'start_index' referenced before assignment
	at /home/arturl/.vscode-oss/extensions/ms-python.python-2023.6.0-universal/out/client/extension.js:2:2029883
	at /home/arturl/.vscode-oss/extensions/ms-python.python-2023.6.0-universal/out/client/extension.js:2:2030177
	at Immediate.<anonymous> (/home/arturl/.vscode-oss/extensions/ms-python.python-2023.6.0-universal/out/client/extension.js:2:2030539)
	at process.processImmediate (node:internal/timers:466:21)
2023-04-07 15:49:09.418 [error] [ms-python.python] provider FAILED
2023-04-07 15:49:09.418 [error] Error: UnboundLocalError: local variable 'start_index' referenced before assignment
	at /home/arturl/.vscode-oss/extensions/ms-python.python-2023.6.0-universal/out/client/extension.js:2:2029883
	at /home/arturl/.vscode-oss/extensions/ms-python.python-2023.6.0-universal/out/client/extension.js:2:2030177
	at Immediate.<anonymous> (/home/arturl/.vscode-oss/extensions/ms-python.python-2023.6.0-universal/out/client/extension.js:2:2030539)
	at process.processImmediate (node:internal/timers:466:21)
2023-04-07 15:49:09.809 [error] [ms-python.python] provider FAILED
2023-04-07 15:49:09.809 [error] Error: UnboundLocalError: local variable 'start_index' referenced before assignment
	at /home/arturl/.vscode-oss/extensions/ms-python.python-2023.6.0-universal/out/client/extension.js:2:2029883
	at /home/arturl/.vscode-oss/extensions/ms-python.python-2023.6.0-universal/out/client/extension.js:2:2030177
	at Immediate.<anonymous> (/home/arturl/.vscode-oss/extensions/ms-python.python-2023.6.0-universal/out/client/extension.js:2:2030539)
	at process.processImmediate (node:internal/timers:466:21)
2023-04-07 15:49:59.116 [error] [ms-python.python] provider FAILED
2023-04-07 15:49:59.116 [error] Error: UnboundLocalError: local variable 'end_index' referenced before assignment
	at /home/arturl/.vscode-oss/extensions/ms-python.python-2023.6.0-universal/out/client/extension.js:2:2029883
	at /home/arturl/.vscode-oss/extensions/ms-python.python-2023.6.0-universal/out/client/extension.js:2:2030177
	at Immediate.<anonymous> (/home/arturl/.vscode-oss/extensions/ms-python.python-2023.6.0-universal/out/client/extension.js:2:2030539)
	at process.processImmediate (node:internal/timers:466:21)
2023-04-07 16:06:41.130 [info] Extension host terminating: received terminate message from renderer
2023-04-07 16:06:41.152 [error] TypeError: r.some is not a function
	at d.saveToDisk (/home/arturl/.vscode-oss/extensions/vscodevim.vim-1.25.2-universal/out/extension.js:2:669912)
	at t.deactivate (/home/arturl/.vscode-oss/extensions/vscodevim.vim-1.25.2-universal/out/extension.js:2:213764)
	at E.Y (/usr/lib/code/out/vs/workbench/api/node/extensionHostProcess.js:110:10948)
	at /usr/lib/code/out/vs/workbench/api/node/extensionHostProcess.js:110:9131
	at Array.map (<anonymous>)
	at E.R (/usr/lib/code/out/vs/workbench/api/node/extensionHostProcess.js:110:9118)
	at E.terminate (/usr/lib/code/out/vs/workbench/api/node/extensionHostProcess.js:110:9389)
	at d.terminate (/usr/lib/code/out/vs/workbench/api/node/extensionHostProcess.js:114:1544)
	at p (/usr/lib/code/out/vs/workbench/api/node/extensionHostProcess.js:124:18690)
	at /usr/lib/code/out/vs/workbench/api/node/extensionHostProcess.js:124:16600
	at E.invoke (/usr/lib/code/out/vs/workbench/api/node/extensionHostProcess.js:63:145)
	at h.deliver (/usr/lib/code/out/vs/workbench/api/node/extensionHostProcess.js:63:2121)
	at n.fire (/usr/lib/code/out/vs/workbench/api/node/extensionHostProcess.js:63:1729)
	at p.fire (/usr/lib/code/out/vs/workbench/api/node/extensionHostProcess.js:72:14916)
	at s.E (/usr/lib/code/out/vs/workbench/api/node/extensionHostProcess.js:72:18982)
	at /usr/lib/code/out/vs/workbench/api/node/extensionHostProcess.js:72:16970
	at E.invoke (/usr/lib/code/out/vs/workbench/api/node/extensionHostProcess.js:63:145)
	at h.deliver (/usr/lib/code/out/vs/workbench/api/node/extensionHostProcess.js:63:2121)
	at n.fire (/usr/lib/code/out/vs/workbench/api/node/extensionHostProcess.js:63:1729)
	at d.acceptChunk (/usr/lib/code/out/vs/workbench/api/node/extensionHostProcess.js:72:12647)
	at /usr/lib/code/out/vs/workbench/api/node/extensionHostProcess.js:72:11934
	at Socket.s (/usr/lib/code/out/vs/workbench/api/node/extensionHostProcess.js:72:22469)
	at Socket.emit (node:events:526:28)
	at addChunk (node:internal/streams/readable:315:12)
	at readableAddChunk (node:internal/streams/readable:289:9)
	at Readable.push (node:internal/streams/readable:228:10)
	at Pipe.onStreamRead (node:internal/stream_base_commons:190:23)
2023-04-07 16:06:41.155 [error] Canceled: Canceled
	at new l (/usr/lib/code/out/vs/workbench/api/node/extensionHostProcess.js:98:105190)
	at c.O (/usr/lib/code/out/vs/workbench/api/node/extensionHostProcess.js:108:11692)
	at G.<computed>.Q.charCodeAt.G.<computed> (/usr/lib/code/out/vs/workbench/api/node/extensionHostProcess.js:108:8967)
	at m.g (/usr/lib/code/out/vs/workbench/api/node/extensionHostProcess.js:98:125211)
	at m.executeCommand (/usr/lib/code/out/vs/workbench/api/node/extensionHostProcess.js:98:124587)
	at L.registerCommand.description (/usr/lib/code/out/vs/workbench/api/node/extensionHostProcess.js:98:123880)
	at m.h (/usr/lib/code/out/vs/workbench/api/node/extensionHostProcess.js:98:125797)
	at m.g (/usr/lib/code/out/vs/workbench/api/node/extensionHostProcess.js:98:124687)
	at m.executeCommand (/usr/lib/code/out/vs/workbench/api/node/extensionHostProcess.js:98:124587)
	at Object.executeCommand (/usr/lib/code/out/vs/workbench/api/node/extensionHostProcess.js:114:23801)
	at D (/usr/lib/code/extensions/git/dist/main.js:2:1467156)
	at E.invoke (/usr/lib/code/out/vs/workbench/api/node/extensionHostProcess.js:63:145)
	at h.deliver (/usr/lib/code/out/vs/workbench/api/node/extensionHostProcess.js:63:2121)
	at n.fire (/usr/lib/code/out/vs/workbench/api/node/extensionHostProcess.js:63:1729)
	at Object.m [as dispose] (/usr/lib/code/extensions/git/dist/main.js:2:1481885)
	at /usr/lib/code/extensions/git/dist/main.js:2:1485952
	at Array.forEach (<anonymous>)
	at g.dispose (/usr/lib/code/extensions/git/dist/main.js:2:1485938)
	at t.<anonymous> (/usr/lib/code/out/vs/workbench/api/node/extensionHostProcess.js:96:12398)
	at t.dispose (/usr/lib/code/out/vs/workbench/api/node/extensionHostProcess.js:96:12533)
	at t.<anonymous> (/usr/lib/code/extensions/git/dist/main.js:2:1469286)
	at t.dispose (/usr/lib/code/out/vs/workbench/api/node/extensionHostProcess.js:96:12533)
	at C (/usr/lib/code/out/vs/workbench/api/node/extensionHostProcess.js:10:12084)
	at E.Y (/usr/lib/code/out/vs/workbench/api/node/extensionHostProcess.js:110:11147)
	at /usr/lib/code/out/vs/workbench/api/node/extensionHostProcess.js:110:9131
	at Array.map (<anonymous>)
	at E.R (/usr/lib/code/out/vs/workbench/api/node/extensionHostProcess.js:110:9118)
	at E.terminate (/usr/lib/code/out/vs/workbench/api/node/extensionHostProcess.js:110:9389)
	at d.terminate (/usr/lib/code/out/vs/workbench/api/node/extensionHostProcess.js:114:1544)
	at p (/usr/lib/code/out/vs/workbench/api/node/extensionHostProcess.js:124:18690)
	at /usr/lib/code/out/vs/workbench/api/node/extensionHostProcess.js:124:16600
	at E.invoke (/usr/lib/code/out/vs/workbench/api/node/extensionHostProcess.js:63:145)
	at h.deliver (/usr/lib/code/out/vs/workbench/api/node/extensionHostProcess.js:63:2121)
	at n.fire (/usr/lib/code/out/vs/workbench/api/node/extensionHostProcess.js:63:1729)
	at p.fire (/usr/lib/code/out/vs/workbench/api/node/extensionHostProcess.js:72:14916)
	at s.E (/usr/lib/code/out/vs/workbench/api/node/extensionHostProcess.js:72:18982)
	at /usr/lib/code/out/vs/workbench/api/node/extensionHostProcess.js:72:16970
	at E.invoke (/usr/lib/code/out/vs/workbench/api/node/extensionHostProcess.js:63:145)
	at h.deliver (/usr/lib/code/out/vs/workbench/api/node/extensionHostProcess.js:63:2121)
	at n.fire (/usr/lib/code/out/vs/workbench/api/node/extensionHostProcess.js:63:1729)
	at d.acceptChunk (/usr/lib/code/out/vs/workbench/api/node/extensionHostProcess.js:72:12647)
	at /usr/lib/code/out/vs/workbench/api/node/extensionHostProcess.js:72:11934
	at Socket.s (/usr/lib/code/out/vs/workbench/api/node/extensionHostProcess.js:72:22469)
	at Socket.emit (node:events:526:28)
	at addChunk (node:internal/streams/readable:315:12)
	at readableAddChunk (node:internal/streams/readable:289:9)
	at Readable.push (node:internal/streams/readable:228:10)
	at Pipe.onStreamRead (node:internal/stream_base_commons:190:23) setContext undefined
2023-04-07 16:06:41.159 [info] Extension host with pid 11144 exiting with code 0
